2020-02-05 12:04:16,192 ERROR 27255 [-/127.0.0.1/-/1ms GET /] nodejs.RequestError: connect ECONNREFUSED 127.0.0.1:3000, GET http://127.0.0.1:3000/cache -1 (connected: false, keepalive socket: false, agent status: {"createSocketCount":1,"createSocketErrorCount":0,"closeSocketCount":0,"errorSocketCount":1,"timeoutSocketCount":0,"requestCount":0,"freeSockets":{},"sockets":{"127.0.0.1:3000:":1},"requests":{}}, socketHandledRequests: 1, socketHandledResponses: 0)
headers: {}
    at TCPConnectWrap.afterConnect [as oncomplete] (net.js:1106:14)
errno: "ECONNREFUSED"
code: "ECONNREFUSED"
syscall: "connect"
address: "127.0.0.1"
port: 3000
name: "RequestError"
data: undefined
path: "/cache"
status: -1
headers: {}
res: {"status":-1,"statusCode":-1,"statusMessage":null,"headers":{},"size":0,"aborted":false,"rt":12,"keepAliveSocket":false,"requestUrls":["http://127.0.0.1:3000/cache"],"timing":null,"remoteAddress":"","remotePort":"","socketHandledRequests":1,"socketHandledResponses":0}
pid: 27255
hostname: shendeMBP.lan

2020-02-05 17:01:37,561 ERROR 32137 [-/127.0.0.1/-/0ms GET /] nodejs.ER_ACCESS_DENIED_ERRORError: ER_ACCESS_DENIED_ERROR: Access denied for user 'root'@'localhost' (using password: YES)
    at Handshake.Sequence._packetToError (/Users/shenwang/Documents/myDoucuments/zhufeng/jiagou5/Egg/1.egg/node_modules/mysql/lib/protocol/sequences/Sequence.js:47:14)
    at Handshake.ErrorPacket (/Users/shenwang/Documents/myDoucuments/zhufeng/jiagou5/Egg/1.egg/node_modules/mysql/lib/protocol/sequences/Handshake.js:123:18)
    at Protocol._parsePacket (/Users/shenwang/Documents/myDoucuments/zhufeng/jiagou5/Egg/1.egg/node_modules/mysql/lib/protocol/Protocol.js:291:23)
    at Parser._parsePacket (/Users/shenwang/Documents/myDoucuments/zhufeng/jiagou5/Egg/1.egg/node_modules/mysql/lib/protocol/Parser.js:433:10)
    at Parser.write (/Users/shenwang/Documents/myDoucuments/zhufeng/jiagou5/Egg/1.egg/node_modules/mysql/lib/protocol/Parser.js:43:10)
    at Protocol.write (/Users/shenwang/Documents/myDoucuments/zhufeng/jiagou5/Egg/1.egg/node_modules/mysql/lib/protocol/Protocol.js:38:16)
    at Socket.<anonymous> (/Users/shenwang/Documents/myDoucuments/zhufeng/jiagou5/Egg/1.egg/node_modules/mysql/lib/Connection.js:88:28)
    at Socket.<anonymous> (/Users/shenwang/Documents/myDoucuments/zhufeng/jiagou5/Egg/1.egg/node_modules/mysql/lib/Connection.js:526:10)
    at Socket.emit (events.js:198:13)
    at addChunk (_stream_readable.js:288:12)
    --------------------
    at Protocol._enqueue (/Users/shenwang/Documents/myDoucuments/zhufeng/jiagou5/Egg/1.egg/node_modules/mysql/lib/protocol/Protocol.js:144:48)
    at Protocol.handshake (/Users/shenwang/Documents/myDoucuments/zhufeng/jiagou5/Egg/1.egg/node_modules/mysql/lib/protocol/Protocol.js:51:23)
    at PoolConnection.connect (/Users/shenwang/Documents/myDoucuments/zhufeng/jiagou5/Egg/1.egg/node_modules/mysql/lib/Connection.js:116:18)
    at Pool.getConnection (/Users/shenwang/Documents/myDoucuments/zhufeng/jiagou5/Egg/1.egg/node_modules/mysql/lib/Pool.js:48:16)
    at /Users/shenwang/Documents/myDoucuments/zhufeng/jiagou5/Egg/1.egg/node_modules/ali-rds/node_modules/pify/index.js:29:7
    at new Promise (<anonymous>)
    at Pool.<anonymous> (/Users/shenwang/Documents/myDoucuments/zhufeng/jiagou5/Egg/1.egg/node_modules/ali-rds/node_modules/pify/index.js:12:10)
    at Pool.ret [as getConnection] (/Users/shenwang/Documents/myDoucuments/zhufeng/jiagou5/Egg/1.egg/node_modules/ali-rds/node_modules/pify/index.js:56:34)
    at Pool.query (/Users/shenwang/Documents/myDoucuments/zhufeng/jiagou5/Egg/1.egg/node_modules/mysql/lib/Pool.js:202:8)
    at /Users/shenwang/Documents/myDoucuments/zhufeng/jiagou5/Egg/1.egg/node_modules/ali-rds/node_modules/pify/index.js:29:7
    sql: select now() as currentTime;
code: "ER_ACCESS_DENIED_ERROR"
errno: 1045
sqlMessage: "Access denied for user 'root'@'localhost' (using password: YES)"
sqlState: "28000"
fatal: true
name: "ER_ACCESS_DENIED_ERRORError"
pid: 32137
hostname: shendeMBP.lan

2020-02-05 17:02:53,467 ERROR 32213 [-/127.0.0.1/-/0ms GET /] nodejs.ER_ACCESS_DENIED_ERRORError: ER_ACCESS_DENIED_ERROR: Access denied for user 'root'@'localhost' (using password: YES)
    at Handshake.Sequence._packetToError (/Users/shenwang/Documents/myDoucuments/zhufeng/jiagou5/Egg/1.egg/node_modules/mysql/lib/protocol/sequences/Sequence.js:47:14)
    at Handshake.ErrorPacket (/Users/shenwang/Documents/myDoucuments/zhufeng/jiagou5/Egg/1.egg/node_modules/mysql/lib/protocol/sequences/Handshake.js:123:18)
    at Protocol._parsePacket (/Users/shenwang/Documents/myDoucuments/zhufeng/jiagou5/Egg/1.egg/node_modules/mysql/lib/protocol/Protocol.js:291:23)
    at Parser._parsePacket (/Users/shenwang/Documents/myDoucuments/zhufeng/jiagou5/Egg/1.egg/node_modules/mysql/lib/protocol/Parser.js:433:10)
    at Parser.write (/Users/shenwang/Documents/myDoucuments/zhufeng/jiagou5/Egg/1.egg/node_modules/mysql/lib/protocol/Parser.js:43:10)
    at Protocol.write (/Users/shenwang/Documents/myDoucuments/zhufeng/jiagou5/Egg/1.egg/node_modules/mysql/lib/protocol/Protocol.js:38:16)
    at Socket.<anonymous> (/Users/shenwang/Documents/myDoucuments/zhufeng/jiagou5/Egg/1.egg/node_modules/mysql/lib/Connection.js:88:28)
    at Socket.<anonymous> (/Users/shenwang/Documents/myDoucuments/zhufeng/jiagou5/Egg/1.egg/node_modules/mysql/lib/Connection.js:526:10)
    at Socket.emit (events.js:198:13)
    at addChunk (_stream_readable.js:288:12)
    --------------------
    at Protocol._enqueue (/Users/shenwang/Documents/myDoucuments/zhufeng/jiagou5/Egg/1.egg/node_modules/mysql/lib/protocol/Protocol.js:144:48)
    at Protocol.handshake (/Users/shenwang/Documents/myDoucuments/zhufeng/jiagou5/Egg/1.egg/node_modules/mysql/lib/protocol/Protocol.js:51:23)
    at PoolConnection.connect (/Users/shenwang/Documents/myDoucuments/zhufeng/jiagou5/Egg/1.egg/node_modules/mysql/lib/Connection.js:116:18)
    at Pool.getConnection (/Users/shenwang/Documents/myDoucuments/zhufeng/jiagou5/Egg/1.egg/node_modules/mysql/lib/Pool.js:48:16)
    at /Users/shenwang/Documents/myDoucuments/zhufeng/jiagou5/Egg/1.egg/node_modules/ali-rds/node_modules/pify/index.js:29:7
    at new Promise (<anonymous>)
    at Pool.<anonymous> (/Users/shenwang/Documents/myDoucuments/zhufeng/jiagou5/Egg/1.egg/node_modules/ali-rds/node_modules/pify/index.js:12:10)
    at Pool.ret [as getConnection] (/Users/shenwang/Documents/myDoucuments/zhufeng/jiagou5/Egg/1.egg/node_modules/ali-rds/node_modules/pify/index.js:56:34)
    at Pool.query (/Users/shenwang/Documents/myDoucuments/zhufeng/jiagou5/Egg/1.egg/node_modules/mysql/lib/Pool.js:202:8)
    at /Users/shenwang/Documents/myDoucuments/zhufeng/jiagou5/Egg/1.egg/node_modules/ali-rds/node_modules/pify/index.js:29:7
    sql: select now() as currentTime;
code: "ER_ACCESS_DENIED_ERROR"
errno: 1045
sqlMessage: "Access denied for user 'root'@'localhost' (using password: YES)"
sqlState: "28000"
fatal: true
name: "ER_ACCESS_DENIED_ERRORError"
pid: 32213
hostname: shendeMBP.lan

2020-02-05 17:02:58,319 ERROR 32266 [-/127.0.0.1/-/0ms GET /] nodejs.ER_ACCESS_DENIED_ERRORError: ER_ACCESS_DENIED_ERROR: Access denied for user 'root'@'localhost' (using password: YES)
    at Handshake.Sequence._packetToError (/Users/shenwang/Documents/myDoucuments/zhufeng/jiagou5/Egg/1.egg/node_modules/mysql/lib/protocol/sequences/Sequence.js:47:14)
    at Handshake.ErrorPacket (/Users/shenwang/Documents/myDoucuments/zhufeng/jiagou5/Egg/1.egg/node_modules/mysql/lib/protocol/sequences/Handshake.js:123:18)
    at Protocol._parsePacket (/Users/shenwang/Documents/myDoucuments/zhufeng/jiagou5/Egg/1.egg/node_modules/mysql/lib/protocol/Protocol.js:291:23)
    at Parser._parsePacket (/Users/shenwang/Documents/myDoucuments/zhufeng/jiagou5/Egg/1.egg/node_modules/mysql/lib/protocol/Parser.js:433:10)
    at Parser.write (/Users/shenwang/Documents/myDoucuments/zhufeng/jiagou5/Egg/1.egg/node_modules/mysql/lib/protocol/Parser.js:43:10)
    at Protocol.write (/Users/shenwang/Documents/myDoucuments/zhufeng/jiagou5/Egg/1.egg/node_modules/mysql/lib/protocol/Protocol.js:38:16)
    at Socket.<anonymous> (/Users/shenwang/Documents/myDoucuments/zhufeng/jiagou5/Egg/1.egg/node_modules/mysql/lib/Connection.js:88:28)
    at Socket.<anonymous> (/Users/shenwang/Documents/myDoucuments/zhufeng/jiagou5/Egg/1.egg/node_modules/mysql/lib/Connection.js:526:10)
    at Socket.emit (events.js:198:13)
    at addChunk (_stream_readable.js:288:12)
    --------------------
    at Protocol._enqueue (/Users/shenwang/Documents/myDoucuments/zhufeng/jiagou5/Egg/1.egg/node_modules/mysql/lib/protocol/Protocol.js:144:48)
    at Protocol.handshake (/Users/shenwang/Documents/myDoucuments/zhufeng/jiagou5/Egg/1.egg/node_modules/mysql/lib/protocol/Protocol.js:51:23)
    at PoolConnection.connect (/Users/shenwang/Documents/myDoucuments/zhufeng/jiagou5/Egg/1.egg/node_modules/mysql/lib/Connection.js:116:18)
    at Pool.getConnection (/Users/shenwang/Documents/myDoucuments/zhufeng/jiagou5/Egg/1.egg/node_modules/mysql/lib/Pool.js:48:16)
    at /Users/shenwang/Documents/myDoucuments/zhufeng/jiagou5/Egg/1.egg/node_modules/ali-rds/node_modules/pify/index.js:29:7
    at new Promise (<anonymous>)
    at Pool.<anonymous> (/Users/shenwang/Documents/myDoucuments/zhufeng/jiagou5/Egg/1.egg/node_modules/ali-rds/node_modules/pify/index.js:12:10)
    at Pool.ret [as getConnection] (/Users/shenwang/Documents/myDoucuments/zhufeng/jiagou5/Egg/1.egg/node_modules/ali-rds/node_modules/pify/index.js:56:34)
    at Pool.query (/Users/shenwang/Documents/myDoucuments/zhufeng/jiagou5/Egg/1.egg/node_modules/mysql/lib/Pool.js:202:8)
    at /Users/shenwang/Documents/myDoucuments/zhufeng/jiagou5/Egg/1.egg/node_modules/ali-rds/node_modules/pify/index.js:29:7
    sql: select now() as currentTime;
code: "ER_ACCESS_DENIED_ERROR"
errno: 1045
sqlMessage: "Access denied for user 'root'@'localhost' (using password: YES)"
sqlState: "28000"
fatal: true
name: "ER_ACCESS_DENIED_ERRORError"
pid: 32266
hostname: shendeMBP.lan

