2020-02-05 00:00:35,986 INFO 24598 [egg-schedule]: register schedule /Users/shenwang/Documents/myDoucuments/zhufeng/jiagou5/Egg/1.egg/node_modules/egg-multipart/app/schedule/clean_tmpdir.js
2020-02-05 00:00:35,986 INFO 24598 [egg-schedule]: register schedule /Users/shenwang/Documents/myDoucuments/zhufeng/jiagou5/Egg/1.egg/node_modules/egg-logrotator/app/schedule/clean_log.js
2020-02-05 00:00:35,986 INFO 24598 [egg-schedule]: register schedule /Users/shenwang/Documents/myDoucuments/zhufeng/jiagou5/Egg/1.egg/node_modules/egg-logrotator/app/schedule/rotate_by_file.js
2020-02-05 05:27:09,894 INFO 24392 [Timer] /Users/shenwang/Documents/myDoucuments/zhufeng/jiagou5/Egg/1.egg/node_modules/egg-multipart/app/schedule/clean_tmpdir.js next time will execute after 82970111ms at 2020-02-06 04:30:00.005
2020-02-05 05:27:09,890 INFO 24598 [Job#15808516298891742141293715691] /Users/shenwang/Documents/myDoucuments/zhufeng/jiagou5/Egg/1.egg/node_modules/egg-multipart/app/schedule/clean_tmpdir.js executing by app
2020-02-05 05:27:09,899 INFO 24598 [Job#15808516298891742141293715691] /Users/shenwang/Documents/myDoucuments/zhufeng/jiagou5/Egg/1.egg/node_modules/egg-multipart/app/schedule/clean_tmpdir.js execute succeed, used 8ms
2020-02-05 10:47:37,891 INFO 25882 [egg-schedule]: register schedule /Users/shenwang/Documents/myDoucuments/zhufeng/jiagou5/Egg/1.egg/node_modules/egg-multipart/app/schedule/clean_tmpdir.js
2020-02-05 10:47:37,891 INFO 25882 [egg-schedule]: register schedule /Users/shenwang/Documents/myDoucuments/zhufeng/jiagou5/Egg/1.egg/node_modules/egg-logrotator/app/schedule/clean_log.js
2020-02-05 10:47:37,891 INFO 25882 [egg-schedule]: register schedule /Users/shenwang/Documents/myDoucuments/zhufeng/jiagou5/Egg/1.egg/node_modules/egg-logrotator/app/schedule/rotate_by_file.js
2020-02-05 11:32:34,463 INFO 26782 [Timer] /Users/shenwang/Documents/myDoucuments/zhufeng/jiagou5/Egg/1.egg/node_modules/egg-multipart/app/schedule/clean_tmpdir.js next time will execute after 61045540ms at 2020-02-06 04:30:00.003
2020-02-05 11:32:34,463 INFO 26782 [Timer] /Users/shenwang/Documents/myDoucuments/zhufeng/jiagou5/Egg/1.egg/node_modules/egg-logrotator/app/schedule/clean_log.js next time will execute after 44845537ms at 2020-02-06 00:00:00.000
2020-02-05 11:32:34,464 INFO 26782 [Timer] /Users/shenwang/Documents/myDoucuments/zhufeng/jiagou5/Egg/1.egg/node_modules/egg-logrotator/app/schedule/rotate_by_file.js next time will execute after 44846537ms at 2020-02-06 00:00:01.001
2020-02-05 11:32:34,464 INFO 26782 [Timer] /Users/shenwang/Documents/myDoucuments/zhufeng/jiagou5/Egg/1.egg/app/schedule/updatecache.js next time will execute after 300000ms at 2020-02-05 11:37:34.464
2020-02-05 11:32:34,283 INFO 26783 [egg-schedule]: register schedule /Users/shenwang/Documents/myDoucuments/zhufeng/jiagou5/Egg/1.egg/node_modules/egg-multipart/app/schedule/clean_tmpdir.js
2020-02-05 11:32:34,283 INFO 26783 [egg-schedule]: register schedule /Users/shenwang/Documents/myDoucuments/zhufeng/jiagou5/Egg/1.egg/node_modules/egg-logrotator/app/schedule/clean_log.js
2020-02-05 11:32:34,284 INFO 26783 [egg-schedule]: register schedule /Users/shenwang/Documents/myDoucuments/zhufeng/jiagou5/Egg/1.egg/node_modules/egg-logrotator/app/schedule/rotate_by_file.js
2020-02-05 11:32:34,284 INFO 26783 [egg-schedule]: register schedule /Users/shenwang/Documents/myDoucuments/zhufeng/jiagou5/Egg/1.egg/app/schedule/updatecache.js
2020-02-05 11:33:09,228 INFO 26797 [egg-schedule]: register schedule /Users/shenwang/Documents/myDoucuments/zhufeng/jiagou5/Egg/1.egg/node_modules/egg-multipart/app/schedule/clean_tmpdir.js
2020-02-05 11:33:09,228 INFO 26797 [egg-schedule]: register schedule /Users/shenwang/Documents/myDoucuments/zhufeng/jiagou5/Egg/1.egg/node_modules/egg-logrotator/app/schedule/clean_log.js
2020-02-05 11:33:09,228 INFO 26797 [egg-schedule]: register schedule /Users/shenwang/Documents/myDoucuments/zhufeng/jiagou5/Egg/1.egg/node_modules/egg-logrotator/app/schedule/rotate_by_file.js
2020-02-05 11:33:09,228 INFO 26797 [egg-schedule]: register schedule /Users/shenwang/Documents/myDoucuments/zhufeng/jiagou5/Egg/1.egg/app/schedule/updatecache.js
2020-02-05 11:33:38,278 INFO 26811 [egg-schedule]: register schedule /Users/shenwang/Documents/myDoucuments/zhufeng/jiagou5/Egg/1.egg/node_modules/egg-multipart/app/schedule/clean_tmpdir.js
2020-02-05 11:33:38,278 INFO 26811 [egg-schedule]: register schedule /Users/shenwang/Documents/myDoucuments/zhufeng/jiagou5/Egg/1.egg/node_modules/egg-logrotator/app/schedule/clean_log.js
2020-02-05 11:33:38,278 INFO 26811 [egg-schedule]: register schedule /Users/shenwang/Documents/myDoucuments/zhufeng/jiagou5/Egg/1.egg/node_modules/egg-logrotator/app/schedule/rotate_by_file.js
2020-02-05 11:33:38,278 INFO 26811 [egg-schedule]: register schedule /Users/shenwang/Documents/myDoucuments/zhufeng/jiagou5/Egg/1.egg/app/schedule/updatecache.js
2020-02-05 11:34:20,208 INFO 26828 [egg-schedule]: register schedule /Users/shenwang/Documents/myDoucuments/zhufeng/jiagou5/Egg/1.egg/node_modules/egg-multipart/app/schedule/clean_tmpdir.js
2020-02-05 11:34:20,208 INFO 26828 [egg-schedule]: register schedule /Users/shenwang/Documents/myDoucuments/zhufeng/jiagou5/Egg/1.egg/node_modules/egg-logrotator/app/schedule/clean_log.js
2020-02-05 11:34:20,208 INFO 26828 [egg-schedule]: register schedule /Users/shenwang/Documents/myDoucuments/zhufeng/jiagou5/Egg/1.egg/node_modules/egg-logrotator/app/schedule/rotate_by_file.js
2020-02-05 11:34:20,208 INFO 26828 [egg-schedule]: register schedule /Users/shenwang/Documents/myDoucuments/zhufeng/jiagou5/Egg/1.egg/app/schedule/updatecache.js
2020-02-05 11:34:40,495 INFO 26861 [Timer] /Users/shenwang/Documents/myDoucuments/zhufeng/jiagou5/Egg/1.egg/node_modules/egg-multipart/app/schedule/clean_tmpdir.js next time will execute after 60919508ms at 2020-02-06 04:30:00.003
2020-02-05 11:34:40,496 INFO 26861 [Timer] /Users/shenwang/Documents/myDoucuments/zhufeng/jiagou5/Egg/1.egg/node_modules/egg-logrotator/app/schedule/clean_log.js next time will execute after 44719504ms at 2020-02-06 00:00:00.000
2020-02-05 11:34:40,496 INFO 26861 [Timer] /Users/shenwang/Documents/myDoucuments/zhufeng/jiagou5/Egg/1.egg/node_modules/egg-logrotator/app/schedule/rotate_by_file.js next time will execute after 44720504ms at 2020-02-06 00:00:01.000
2020-02-05 11:34:40,496 INFO 26861 [Timer] /Users/shenwang/Documents/myDoucuments/zhufeng/jiagou5/Egg/1.egg/app/schedule/updatecache.js next time will execute after 300000ms at 2020-02-05 11:39:40.496
2020-02-05 11:34:40,397 INFO 26862 [egg-schedule]: register schedule /Users/shenwang/Documents/myDoucuments/zhufeng/jiagou5/Egg/1.egg/node_modules/egg-multipart/app/schedule/clean_tmpdir.js
2020-02-05 11:34:40,397 INFO 26862 [egg-schedule]: register schedule /Users/shenwang/Documents/myDoucuments/zhufeng/jiagou5/Egg/1.egg/node_modules/egg-logrotator/app/schedule/clean_log.js
2020-02-05 11:34:40,397 INFO 26862 [egg-schedule]: register schedule /Users/shenwang/Documents/myDoucuments/zhufeng/jiagou5/Egg/1.egg/node_modules/egg-logrotator/app/schedule/rotate_by_file.js
2020-02-05 11:34:40,397 INFO 26862 [egg-schedule]: register schedule /Users/shenwang/Documents/myDoucuments/zhufeng/jiagou5/Egg/1.egg/app/schedule/updatecache.js
2020-02-05 11:39:40,503 INFO 26861 [Timer] /Users/shenwang/Documents/myDoucuments/zhufeng/jiagou5/Egg/1.egg/app/schedule/updatecache.js next time will execute after 300000ms at 2020-02-05 11:44:40.503
2020-02-05 11:39:40,505 INFO 26862 [Job#15808739805021953216176735561] /Users/shenwang/Documents/myDoucuments/zhufeng/jiagou5/Egg/1.egg/app/schedule/updatecache.js executing by app
2020-02-05 11:39:40,514 INFO 26862 [Job#15808739805021953216176735561] /Users/shenwang/Documents/myDoucuments/zhufeng/jiagou5/Egg/1.egg/app/schedule/updatecache.js execute succeed, used 9ms
2020-02-05 11:44:40,514 INFO 26861 [Timer] /Users/shenwang/Documents/myDoucuments/zhufeng/jiagou5/Egg/1.egg/app/schedule/updatecache.js next time will execute after 300000ms at 2020-02-05 11:49:40.514
2020-02-05 11:44:40,515 INFO 26862 [Job#15808742805141956216284928262] /Users/shenwang/Documents/myDoucuments/zhufeng/jiagou5/Egg/1.egg/app/schedule/updatecache.js executing by app
2020-02-05 11:44:40,519 INFO 26862 [Job#15808742805141956216284928262] /Users/shenwang/Documents/myDoucuments/zhufeng/jiagou5/Egg/1.egg/app/schedule/updatecache.js execute succeed, used 4ms
2020-02-05 11:49:40,519 INFO 26862 [Job#15808745805181959216326385023] /Users/shenwang/Documents/myDoucuments/zhufeng/jiagou5/Egg/1.egg/app/schedule/updatecache.js executing by app
2020-02-05 11:49:40,524 INFO 26862 [Job#15808745805181959216326385023] /Users/shenwang/Documents/myDoucuments/zhufeng/jiagou5/Egg/1.egg/app/schedule/updatecache.js execute succeed, used 5ms
2020-02-05 11:49:40,519 INFO 26861 [Timer] /Users/shenwang/Documents/myDoucuments/zhufeng/jiagou5/Egg/1.egg/app/schedule/updatecache.js next time will execute after 300000ms at 2020-02-05 11:54:40.519
2020-02-05 11:54:40,519 INFO 26862 [Job#15808748805181962216324566724] /Users/shenwang/Documents/myDoucuments/zhufeng/jiagou5/Egg/1.egg/app/schedule/updatecache.js executing by app
2020-02-05 11:54:40,523 INFO 26862 [Job#15808748805181962216324566724] /Users/shenwang/Documents/myDoucuments/zhufeng/jiagou5/Egg/1.egg/app/schedule/updatecache.js execute succeed, used 4ms
2020-02-05 11:54:40,519 INFO 26861 [Timer] /Users/shenwang/Documents/myDoucuments/zhufeng/jiagou5/Egg/1.egg/app/schedule/updatecache.js next time will execute after 300000ms at 2020-02-05 11:59:40.519
2020-02-05 11:59:31,574 INFO 26990 [egg-schedule]: register schedule /Users/shenwang/Documents/myDoucuments/zhufeng/jiagou5/Egg/1.egg/node_modules/egg-multipart/app/schedule/clean_tmpdir.js
2020-02-05 11:59:31,574 INFO 26990 [egg-schedule]: register schedule /Users/shenwang/Documents/myDoucuments/zhufeng/jiagou5/Egg/1.egg/node_modules/egg-logrotator/app/schedule/clean_log.js
2020-02-05 11:59:31,574 INFO 26990 [egg-schedule]: register schedule /Users/shenwang/Documents/myDoucuments/zhufeng/jiagou5/Egg/1.egg/node_modules/egg-logrotator/app/schedule/rotate_by_file.js
2020-02-05 11:59:31,574 INFO 26990 [egg-schedule]: register schedule /Users/shenwang/Documents/myDoucuments/zhufeng/jiagou5/Egg/1.egg/app/schedule/updatecache.js
2020-02-05 11:59:40,525 INFO 26990 [Job#15808751805241965216375955565] /Users/shenwang/Documents/myDoucuments/zhufeng/jiagou5/Egg/1.egg/app/schedule/updatecache.js executing by app
2020-02-05 11:59:40,544 INFO 26990 [Job#15808751805241965216375955565] /Users/shenwang/Documents/myDoucuments/zhufeng/jiagou5/Egg/1.egg/app/schedule/updatecache.js execute succeed, used 17ms
2020-02-05 11:59:40,524 INFO 26861 [Timer] /Users/shenwang/Documents/myDoucuments/zhufeng/jiagou5/Egg/1.egg/app/schedule/updatecache.js next time will execute after 300000ms at 2020-02-05 12:04:40.524
2020-02-05 12:03:14,614 INFO 27152 [Timer] /Users/shenwang/Documents/myDoucuments/zhufeng/jiagou5/Egg/1.egg/node_modules/egg-multipart/app/schedule/clean_tmpdir.js next time will execute after 59205395ms at 2020-02-06 04:30:00.009
2020-02-05 12:03:14,615 INFO 27152 [Timer] /Users/shenwang/Documents/myDoucuments/zhufeng/jiagou5/Egg/1.egg/node_modules/egg-logrotator/app/schedule/clean_log.js next time will execute after 43005386ms at 2020-02-06 00:00:00.001
2020-02-05 12:03:14,615 INFO 27152 [Timer] /Users/shenwang/Documents/myDoucuments/zhufeng/jiagou5/Egg/1.egg/node_modules/egg-logrotator/app/schedule/rotate_by_file.js next time will execute after 43006385ms at 2020-02-06 00:00:01.000
2020-02-05 12:03:14,615 INFO 27152 [Timer] /Users/shenwang/Documents/myDoucuments/zhufeng/jiagou5/Egg/1.egg/app/schedule/updatecache.js next time will execute after 300000ms at 2020-02-05 12:08:14.615
2020-02-05 12:03:14,484 INFO 27153 [egg-schedule]: register schedule /Users/shenwang/Documents/myDoucuments/zhufeng/jiagou5/Egg/1.egg/node_modules/egg-multipart/app/schedule/clean_tmpdir.js
2020-02-05 12:03:14,484 INFO 27153 [egg-schedule]: register schedule /Users/shenwang/Documents/myDoucuments/zhufeng/jiagou5/Egg/1.egg/node_modules/egg-logrotator/app/schedule/clean_log.js
2020-02-05 12:03:14,484 INFO 27153 [egg-schedule]: register schedule /Users/shenwang/Documents/myDoucuments/zhufeng/jiagou5/Egg/1.egg/node_modules/egg-logrotator/app/schedule/rotate_by_file.js
2020-02-05 12:03:14,484 INFO 27153 [egg-schedule]: register schedule /Users/shenwang/Documents/myDoucuments/zhufeng/jiagou5/Egg/1.egg/app/schedule/updatecache.js
2020-02-05 12:04:16,103 INFO 27255 [egg-schedule]: register schedule /Users/shenwang/Documents/myDoucuments/zhufeng/jiagou5/Egg/1.egg/node_modules/egg-multipart/app/schedule/clean_tmpdir.js
2020-02-05 12:04:16,103 INFO 27255 [egg-schedule]: register schedule /Users/shenwang/Documents/myDoucuments/zhufeng/jiagou5/Egg/1.egg/node_modules/egg-logrotator/app/schedule/clean_log.js
2020-02-05 12:04:16,103 INFO 27255 [egg-schedule]: register schedule /Users/shenwang/Documents/myDoucuments/zhufeng/jiagou5/Egg/1.egg/node_modules/egg-logrotator/app/schedule/rotate_by_file.js
2020-02-05 12:04:16,103 INFO 27255 [egg-schedule]: register schedule /Users/shenwang/Documents/myDoucuments/zhufeng/jiagou5/Egg/1.egg/app/schedule/updatecache.js
2020-02-05 12:04:40,421 INFO 27413 [Timer] /Users/shenwang/Documents/myDoucuments/zhufeng/jiagou5/Egg/1.egg/node_modules/egg-multipart/app/schedule/clean_tmpdir.js next time will execute after 59119582ms at 2020-02-06 04:30:00.003
2020-02-05 12:04:40,421 INFO 27413 [Timer] /Users/shenwang/Documents/myDoucuments/zhufeng/jiagou5/Egg/1.egg/node_modules/egg-logrotator/app/schedule/clean_log.js next time will execute after 42919579ms at 2020-02-06 00:00:00.000
2020-02-05 12:04:40,421 INFO 27413 [Timer] /Users/shenwang/Documents/myDoucuments/zhufeng/jiagou5/Egg/1.egg/node_modules/egg-logrotator/app/schedule/rotate_by_file.js next time will execute after 42920579ms at 2020-02-06 00:00:01.000
2020-02-05 12:04:40,421 INFO 27413 [Timer] /Users/shenwang/Documents/myDoucuments/zhufeng/jiagou5/Egg/1.egg/app/schedule/updatecache.js next time will execute after 300000ms at 2020-02-05 12:09:40.421
2020-02-05 12:04:40,304 INFO 27414 [egg-schedule]: register schedule /Users/shenwang/Documents/myDoucuments/zhufeng/jiagou5/Egg/1.egg/node_modules/egg-multipart/app/schedule/clean_tmpdir.js
2020-02-05 12:04:40,304 INFO 27414 [egg-schedule]: register schedule /Users/shenwang/Documents/myDoucuments/zhufeng/jiagou5/Egg/1.egg/node_modules/egg-logrotator/app/schedule/clean_log.js
2020-02-05 12:04:40,304 INFO 27414 [egg-schedule]: register schedule /Users/shenwang/Documents/myDoucuments/zhufeng/jiagou5/Egg/1.egg/node_modules/egg-logrotator/app/schedule/rotate_by_file.js
2020-02-05 12:04:40,304 INFO 27414 [egg-schedule]: register schedule /Users/shenwang/Documents/myDoucuments/zhufeng/jiagou5/Egg/1.egg/app/schedule/updatecache.js
2020-02-05 12:05:43,231 INFO 27459 [egg-schedule]: register schedule /Users/shenwang/Documents/myDoucuments/zhufeng/jiagou5/Egg/1.egg/node_modules/egg-multipart/app/schedule/clean_tmpdir.js
2020-02-05 12:05:43,231 INFO 27459 [egg-schedule]: register schedule /Users/shenwang/Documents/myDoucuments/zhufeng/jiagou5/Egg/1.egg/node_modules/egg-logrotator/app/schedule/clean_log.js
2020-02-05 12:05:43,231 INFO 27459 [egg-schedule]: register schedule /Users/shenwang/Documents/myDoucuments/zhufeng/jiagou5/Egg/1.egg/node_modules/egg-logrotator/app/schedule/rotate_by_file.js
2020-02-05 12:05:43,231 INFO 27459 [egg-schedule]: register schedule /Users/shenwang/Documents/myDoucuments/zhufeng/jiagou5/Egg/1.egg/app/schedule/updatecache.js
2020-02-05 12:05:58,797 INFO 27496 [Timer] /Users/shenwang/Documents/myDoucuments/zhufeng/jiagou5/Egg/1.egg/node_modules/egg-multipart/app/schedule/clean_tmpdir.js next time will execute after 59041206ms at 2020-02-06 04:30:00.003
2020-02-05 12:05:58,797 INFO 27496 [Timer] /Users/shenwang/Documents/myDoucuments/zhufeng/jiagou5/Egg/1.egg/node_modules/egg-logrotator/app/schedule/clean_log.js next time will execute after 42841203ms at 2020-02-06 00:00:00.000
2020-02-05 12:05:58,798 INFO 27496 [Timer] /Users/shenwang/Documents/myDoucuments/zhufeng/jiagou5/Egg/1.egg/node_modules/egg-logrotator/app/schedule/rotate_by_file.js next time will execute after 42842203ms at 2020-02-06 00:00:01.001
2020-02-05 12:05:58,798 INFO 27496 [Timer] /Users/shenwang/Documents/myDoucuments/zhufeng/jiagou5/Egg/1.egg/app/schedule/updatecache.js next time will execute after 300000ms at 2020-02-05 12:10:58.798
2020-02-05 12:05:58,682 INFO 27497 [egg-schedule]: register schedule /Users/shenwang/Documents/myDoucuments/zhufeng/jiagou5/Egg/1.egg/node_modules/egg-multipart/app/schedule/clean_tmpdir.js
2020-02-05 12:05:58,682 INFO 27497 [egg-schedule]: register schedule /Users/shenwang/Documents/myDoucuments/zhufeng/jiagou5/Egg/1.egg/node_modules/egg-logrotator/app/schedule/clean_log.js
2020-02-05 12:05:58,682 INFO 27497 [egg-schedule]: register schedule /Users/shenwang/Documents/myDoucuments/zhufeng/jiagou5/Egg/1.egg/node_modules/egg-logrotator/app/schedule/rotate_by_file.js
2020-02-05 12:05:58,682 INFO 27497 [egg-schedule]: register schedule /Users/shenwang/Documents/myDoucuments/zhufeng/jiagou5/Egg/1.egg/app/schedule/updatecache.js
2020-02-05 12:07:50,545 INFO 27542 [egg-schedule]: register schedule /Users/shenwang/Documents/myDoucuments/zhufeng/jiagou5/Egg/1.egg/node_modules/egg-multipart/app/schedule/clean_tmpdir.js
2020-02-05 12:07:50,545 INFO 27542 [egg-schedule]: register schedule /Users/shenwang/Documents/myDoucuments/zhufeng/jiagou5/Egg/1.egg/node_modules/egg-logrotator/app/schedule/clean_log.js
2020-02-05 12:07:50,545 INFO 27542 [egg-schedule]: register schedule /Users/shenwang/Documents/myDoucuments/zhufeng/jiagou5/Egg/1.egg/node_modules/egg-logrotator/app/schedule/rotate_by_file.js
2020-02-05 12:07:50,545 INFO 27542 [egg-schedule]: register schedule /Users/shenwang/Documents/myDoucuments/zhufeng/jiagou5/Egg/1.egg/app/schedule/updatecache.js
2020-02-05 12:10:10,803 INFO 27689 [Timer] /Users/shenwang/Documents/myDoucuments/zhufeng/jiagou5/Egg/1.egg/node_modules/egg-multipart/app/schedule/clean_tmpdir.js next time will execute after 58789200ms at 2020-02-06 04:30:00.003
2020-02-05 12:10:10,803 INFO 27689 [Timer] /Users/shenwang/Documents/myDoucuments/zhufeng/jiagou5/Egg/1.egg/node_modules/egg-logrotator/app/schedule/clean_log.js next time will execute after 42589197ms at 2020-02-06 00:00:00.000
2020-02-05 12:10:10,804 INFO 27689 [Timer] /Users/shenwang/Documents/myDoucuments/zhufeng/jiagou5/Egg/1.egg/node_modules/egg-logrotator/app/schedule/rotate_by_file.js next time will execute after 42590197ms at 2020-02-06 00:00:01.001
2020-02-05 12:10:10,804 INFO 27689 [Timer] /Users/shenwang/Documents/myDoucuments/zhufeng/jiagou5/Egg/1.egg/app/schedule/updatecache.js next time will execute after 300000ms at 2020-02-05 12:15:10.804
2020-02-05 12:10:10,691 INFO 27690 [egg-schedule]: register schedule /Users/shenwang/Documents/myDoucuments/zhufeng/jiagou5/Egg/1.egg/node_modules/egg-multipart/app/schedule/clean_tmpdir.js
2020-02-05 12:10:10,692 INFO 27690 [egg-schedule]: register schedule /Users/shenwang/Documents/myDoucuments/zhufeng/jiagou5/Egg/1.egg/node_modules/egg-logrotator/app/schedule/clean_log.js
2020-02-05 12:10:10,692 INFO 27690 [egg-schedule]: register schedule /Users/shenwang/Documents/myDoucuments/zhufeng/jiagou5/Egg/1.egg/node_modules/egg-logrotator/app/schedule/rotate_by_file.js
2020-02-05 12:10:10,692 INFO 27690 [egg-schedule]: register schedule /Users/shenwang/Documents/myDoucuments/zhufeng/jiagou5/Egg/1.egg/app/schedule/updatecache.js
2020-02-05 12:11:37,988 INFO 27729 [egg-schedule]: register schedule /Users/shenwang/Documents/myDoucuments/zhufeng/jiagou5/Egg/1.egg/node_modules/egg-multipart/app/schedule/clean_tmpdir.js
2020-02-05 12:11:37,988 INFO 27729 [egg-schedule]: register schedule /Users/shenwang/Documents/myDoucuments/zhufeng/jiagou5/Egg/1.egg/node_modules/egg-logrotator/app/schedule/clean_log.js
2020-02-05 12:11:37,988 INFO 27729 [egg-schedule]: register schedule /Users/shenwang/Documents/myDoucuments/zhufeng/jiagou5/Egg/1.egg/node_modules/egg-logrotator/app/schedule/rotate_by_file.js
2020-02-05 12:11:37,988 INFO 27729 [egg-schedule]: register schedule /Users/shenwang/Documents/myDoucuments/zhufeng/jiagou5/Egg/1.egg/app/schedule/updatecache.js
2020-02-05 12:11:45,606 INFO 27757 [Timer] /Users/shenwang/Documents/myDoucuments/zhufeng/jiagou5/Egg/1.egg/node_modules/egg-multipart/app/schedule/clean_tmpdir.js next time will execute after 58694397ms at 2020-02-06 04:30:00.003
2020-02-05 12:11:45,607 INFO 27757 [Timer] /Users/shenwang/Documents/myDoucuments/zhufeng/jiagou5/Egg/1.egg/node_modules/egg-logrotator/app/schedule/clean_log.js next time will execute after 42494394ms at 2020-02-06 00:00:00.000
2020-02-05 12:11:45,607 INFO 27757 [Timer] /Users/shenwang/Documents/myDoucuments/zhufeng/jiagou5/Egg/1.egg/node_modules/egg-logrotator/app/schedule/rotate_by_file.js next time will execute after 42495393ms at 2020-02-06 00:00:01.000
2020-02-05 12:11:45,608 INFO 27757 [Timer] /Users/shenwang/Documents/myDoucuments/zhufeng/jiagou5/Egg/1.egg/app/schedule/updatecache.js next time will execute after 300000ms at 2020-02-05 12:16:45.608
2020-02-05 12:11:45,490 INFO 27758 [egg-schedule]: register schedule /Users/shenwang/Documents/myDoucuments/zhufeng/jiagou5/Egg/1.egg/node_modules/egg-multipart/app/schedule/clean_tmpdir.js
2020-02-05 12:11:45,490 INFO 27758 [egg-schedule]: register schedule /Users/shenwang/Documents/myDoucuments/zhufeng/jiagou5/Egg/1.egg/node_modules/egg-logrotator/app/schedule/clean_log.js
2020-02-05 12:11:45,490 INFO 27758 [egg-schedule]: register schedule /Users/shenwang/Documents/myDoucuments/zhufeng/jiagou5/Egg/1.egg/node_modules/egg-logrotator/app/schedule/rotate_by_file.js
2020-02-05 12:11:45,490 INFO 27758 [egg-schedule]: register schedule /Users/shenwang/Documents/myDoucuments/zhufeng/jiagou5/Egg/1.egg/app/schedule/updatecache.js
2020-02-05 12:16:45,614 INFO 27757 [Timer] /Users/shenwang/Documents/myDoucuments/zhufeng/jiagou5/Egg/1.egg/app/schedule/updatecache.js next time will execute after 300000ms at 2020-02-05 12:21:45.614
2020-02-05 12:16:45,615 INFO 27758 [Job#15808762056131975467253261661] /Users/shenwang/Documents/myDoucuments/zhufeng/jiagou5/Egg/1.egg/app/schedule/updatecache.js executing by app
2020-02-05 12:16:45,623 INFO 27758 [Job#15808762056131975467253261661] /Users/shenwang/Documents/myDoucuments/zhufeng/jiagou5/Egg/1.egg/app/schedule/updatecache.js execute succeed, used 7ms
2020-02-05 12:21:45,618 INFO 27758 [Job#15808765056171978467289539662] /Users/shenwang/Documents/myDoucuments/zhufeng/jiagou5/Egg/1.egg/app/schedule/updatecache.js executing by app
2020-02-05 12:21:45,621 INFO 27758 [Job#15808765056171978467289539662] /Users/shenwang/Documents/myDoucuments/zhufeng/jiagou5/Egg/1.egg/app/schedule/updatecache.js execute succeed, used 3ms
2020-02-05 12:21:45,617 INFO 27757 [Timer] /Users/shenwang/Documents/myDoucuments/zhufeng/jiagou5/Egg/1.egg/app/schedule/updatecache.js next time will execute after 300000ms at 2020-02-05 12:26:45.617
2020-02-05 12:25:27,961 INFO 28211 [Timer] /Users/shenwang/Documents/myDoucuments/zhufeng/jiagou5/Egg/1.egg/node_modules/egg-multipart/app/schedule/clean_tmpdir.js next time will execute after 57872042ms at 2020-02-06 04:30:00.003
2020-02-05 12:25:27,962 INFO 28211 [Timer] /Users/shenwang/Documents/myDoucuments/zhufeng/jiagou5/Egg/1.egg/node_modules/egg-logrotator/app/schedule/clean_log.js next time will execute after 41672038ms at 2020-02-06 00:00:00.000
2020-02-05 12:25:27,962 INFO 28211 [Timer] /Users/shenwang/Documents/myDoucuments/zhufeng/jiagou5/Egg/1.egg/node_modules/egg-logrotator/app/schedule/rotate_by_file.js next time will execute after 41673038ms at 2020-02-06 00:00:01.000
2020-02-05 12:25:27,962 INFO 28211 [Timer] /Users/shenwang/Documents/myDoucuments/zhufeng/jiagou5/Egg/1.egg/app/schedule/updatecache.js next time will execute after 300000ms at 2020-02-05 12:30:27.962
2020-02-05 12:25:27,801 INFO 28212 [egg-schedule]: register schedule /Users/shenwang/Documents/myDoucuments/zhufeng/jiagou5/Egg/1.egg/node_modules/egg-multipart/app/schedule/clean_tmpdir.js
2020-02-05 12:25:27,801 INFO 28212 [egg-schedule]: register schedule /Users/shenwang/Documents/myDoucuments/zhufeng/jiagou5/Egg/1.egg/node_modules/egg-logrotator/app/schedule/clean_log.js
2020-02-05 12:25:27,801 INFO 28212 [egg-schedule]: register schedule /Users/shenwang/Documents/myDoucuments/zhufeng/jiagou5/Egg/1.egg/node_modules/egg-logrotator/app/schedule/rotate_by_file.js
2020-02-05 12:25:27,801 INFO 28212 [egg-schedule]: register schedule /Users/shenwang/Documents/myDoucuments/zhufeng/jiagou5/Egg/1.egg/app/schedule/updatecache.js
2020-02-05 12:27:00,383 INFO 28236 [egg-schedule]: register schedule /Users/shenwang/Documents/myDoucuments/zhufeng/jiagou5/Egg/1.egg/node_modules/egg-multipart/app/schedule/clean_tmpdir.js
2020-02-05 12:27:00,383 INFO 28236 [egg-schedule]: register schedule /Users/shenwang/Documents/myDoucuments/zhufeng/jiagou5/Egg/1.egg/node_modules/egg-logrotator/app/schedule/clean_log.js
2020-02-05 12:27:00,383 INFO 28236 [egg-schedule]: register schedule /Users/shenwang/Documents/myDoucuments/zhufeng/jiagou5/Egg/1.egg/node_modules/egg-logrotator/app/schedule/rotate_by_file.js
2020-02-05 12:27:00,383 INFO 28236 [egg-schedule]: register schedule /Users/shenwang/Documents/myDoucuments/zhufeng/jiagou5/Egg/1.egg/app/schedule/updatecache.js
2020-02-05 12:27:01,447 INFO 28237 [egg-schedule]: register schedule /Users/shenwang/Documents/myDoucuments/zhufeng/jiagou5/Egg/1.egg/node_modules/egg-multipart/app/schedule/clean_tmpdir.js
2020-02-05 12:27:01,447 INFO 28237 [egg-schedule]: register schedule /Users/shenwang/Documents/myDoucuments/zhufeng/jiagou5/Egg/1.egg/node_modules/egg-logrotator/app/schedule/clean_log.js
2020-02-05 12:27:01,447 INFO 28237 [egg-schedule]: register schedule /Users/shenwang/Documents/myDoucuments/zhufeng/jiagou5/Egg/1.egg/node_modules/egg-logrotator/app/schedule/rotate_by_file.js
2020-02-05 12:27:01,447 INFO 28237 [egg-schedule]: register schedule /Users/shenwang/Documents/myDoucuments/zhufeng/jiagou5/Egg/1.egg/app/schedule/updatecache.js
2020-02-05 12:27:21,062 INFO 28249 [egg-schedule]: register schedule /Users/shenwang/Documents/myDoucuments/zhufeng/jiagou5/Egg/1.egg/node_modules/egg-multipart/app/schedule/clean_tmpdir.js
2020-02-05 12:27:21,062 INFO 28249 [egg-schedule]: register schedule /Users/shenwang/Documents/myDoucuments/zhufeng/jiagou5/Egg/1.egg/node_modules/egg-logrotator/app/schedule/clean_log.js
2020-02-05 12:27:21,062 INFO 28249 [egg-schedule]: register schedule /Users/shenwang/Documents/myDoucuments/zhufeng/jiagou5/Egg/1.egg/node_modules/egg-logrotator/app/schedule/rotate_by_file.js
2020-02-05 12:27:21,062 INFO 28249 [egg-schedule]: register schedule /Users/shenwang/Documents/myDoucuments/zhufeng/jiagou5/Egg/1.egg/app/schedule/updatecache.js
2020-02-05 12:27:29,173 INFO 28285 [Timer] /Users/shenwang/Documents/myDoucuments/zhufeng/jiagou5/Egg/1.egg/node_modules/egg-multipart/app/schedule/clean_tmpdir.js next time will execute after 57750830ms at 2020-02-06 04:30:00.003
2020-02-05 12:27:29,174 INFO 28285 [Timer] /Users/shenwang/Documents/myDoucuments/zhufeng/jiagou5/Egg/1.egg/node_modules/egg-logrotator/app/schedule/clean_log.js next time will execute after 41550827ms at 2020-02-06 00:00:00.001
2020-02-05 12:27:29,175 INFO 28285 [Timer] /Users/shenwang/Documents/myDoucuments/zhufeng/jiagou5/Egg/1.egg/node_modules/egg-logrotator/app/schedule/rotate_by_file.js next time will execute after 41551826ms at 2020-02-06 00:00:01.001
2020-02-05 12:27:29,175 INFO 28285 [Timer] /Users/shenwang/Documents/myDoucuments/zhufeng/jiagou5/Egg/1.egg/app/schedule/updatecache.js next time will execute after 300000ms at 2020-02-05 12:32:29.175
2020-02-05 12:27:29,056 INFO 28286 [egg-schedule]: register schedule /Users/shenwang/Documents/myDoucuments/zhufeng/jiagou5/Egg/1.egg/node_modules/egg-multipart/app/schedule/clean_tmpdir.js
2020-02-05 12:27:29,056 INFO 28286 [egg-schedule]: register schedule /Users/shenwang/Documents/myDoucuments/zhufeng/jiagou5/Egg/1.egg/node_modules/egg-logrotator/app/schedule/clean_log.js
2020-02-05 12:27:29,056 INFO 28286 [egg-schedule]: register schedule /Users/shenwang/Documents/myDoucuments/zhufeng/jiagou5/Egg/1.egg/node_modules/egg-logrotator/app/schedule/rotate_by_file.js
2020-02-05 12:27:29,056 INFO 28286 [egg-schedule]: register schedule /Users/shenwang/Documents/myDoucuments/zhufeng/jiagou5/Egg/1.egg/app/schedule/updatecache.js
2020-02-05 12:27:51,797 INFO 28325 [egg-schedule]: register schedule /Users/shenwang/Documents/myDoucuments/zhufeng/jiagou5/Egg/1.egg/node_modules/egg-multipart/app/schedule/clean_tmpdir.js
2020-02-05 12:27:51,797 INFO 28325 [egg-schedule]: register schedule /Users/shenwang/Documents/myDoucuments/zhufeng/jiagou5/Egg/1.egg/node_modules/egg-logrotator/app/schedule/clean_log.js
2020-02-05 12:27:51,797 INFO 28325 [egg-schedule]: register schedule /Users/shenwang/Documents/myDoucuments/zhufeng/jiagou5/Egg/1.egg/node_modules/egg-logrotator/app/schedule/rotate_by_file.js
2020-02-05 12:27:51,797 INFO 28325 [egg-schedule]: register schedule /Users/shenwang/Documents/myDoucuments/zhufeng/jiagou5/Egg/1.egg/app/schedule/updatecache.js
2020-02-05 12:27:58,237 INFO 28342 [egg-schedule]: register schedule /Users/shenwang/Documents/myDoucuments/zhufeng/jiagou5/Egg/1.egg/node_modules/egg-multipart/app/schedule/clean_tmpdir.js
2020-02-05 12:27:58,237 INFO 28342 [egg-schedule]: register schedule /Users/shenwang/Documents/myDoucuments/zhufeng/jiagou5/Egg/1.egg/node_modules/egg-logrotator/app/schedule/clean_log.js
2020-02-05 12:27:58,237 INFO 28342 [egg-schedule]: register schedule /Users/shenwang/Documents/myDoucuments/zhufeng/jiagou5/Egg/1.egg/node_modules/egg-logrotator/app/schedule/rotate_by_file.js
2020-02-05 12:27:58,238 INFO 28342 [egg-schedule]: register schedule /Users/shenwang/Documents/myDoucuments/zhufeng/jiagou5/Egg/1.egg/app/schedule/updatecache.js
2020-02-05 12:32:04,240 INFO 28358 [egg-schedule]: register schedule /Users/shenwang/Documents/myDoucuments/zhufeng/jiagou5/Egg/1.egg/node_modules/egg-multipart/app/schedule/clean_tmpdir.js
2020-02-05 12:32:04,240 INFO 28358 [egg-schedule]: register schedule /Users/shenwang/Documents/myDoucuments/zhufeng/jiagou5/Egg/1.egg/node_modules/egg-logrotator/app/schedule/clean_log.js
2020-02-05 12:32:04,240 INFO 28358 [egg-schedule]: register schedule /Users/shenwang/Documents/myDoucuments/zhufeng/jiagou5/Egg/1.egg/node_modules/egg-logrotator/app/schedule/rotate_by_file.js
2020-02-05 12:32:04,240 INFO 28358 [egg-schedule]: register schedule /Users/shenwang/Documents/myDoucuments/zhufeng/jiagou5/Egg/1.egg/app/schedule/updatecache.js
2020-02-05 12:32:10,512 INFO 28368 [egg-schedule]: register schedule /Users/shenwang/Documents/myDoucuments/zhufeng/jiagou5/Egg/1.egg/node_modules/egg-multipart/app/schedule/clean_tmpdir.js
2020-02-05 12:32:10,512 INFO 28368 [egg-schedule]: register schedule /Users/shenwang/Documents/myDoucuments/zhufeng/jiagou5/Egg/1.egg/node_modules/egg-logrotator/app/schedule/clean_log.js
2020-02-05 12:32:10,512 INFO 28368 [egg-schedule]: register schedule /Users/shenwang/Documents/myDoucuments/zhufeng/jiagou5/Egg/1.egg/node_modules/egg-logrotator/app/schedule/rotate_by_file.js
2020-02-05 12:32:10,512 INFO 28368 [egg-schedule]: register schedule /Users/shenwang/Documents/myDoucuments/zhufeng/jiagou5/Egg/1.egg/app/schedule/updatecache.js
2020-02-05 12:32:11,266 INFO 28370 [egg-schedule]: register schedule /Users/shenwang/Documents/myDoucuments/zhufeng/jiagou5/Egg/1.egg/node_modules/egg-multipart/app/schedule/clean_tmpdir.js
2020-02-05 12:32:11,266 INFO 28370 [egg-schedule]: register schedule /Users/shenwang/Documents/myDoucuments/zhufeng/jiagou5/Egg/1.egg/node_modules/egg-logrotator/app/schedule/clean_log.js
2020-02-05 12:32:11,266 INFO 28370 [egg-schedule]: register schedule /Users/shenwang/Documents/myDoucuments/zhufeng/jiagou5/Egg/1.egg/node_modules/egg-logrotator/app/schedule/rotate_by_file.js
2020-02-05 12:32:11,266 INFO 28370 [egg-schedule]: register schedule /Users/shenwang/Documents/myDoucuments/zhufeng/jiagou5/Egg/1.egg/app/schedule/updatecache.js
2020-02-05 12:32:29,181 INFO 28370 [Job#15808771491791984902904666371] /Users/shenwang/Documents/myDoucuments/zhufeng/jiagou5/Egg/1.egg/app/schedule/updatecache.js executing by app
2020-02-05 12:32:29,187 INFO 28370 [Job#15808771491791984902904666371] /Users/shenwang/Documents/myDoucuments/zhufeng/jiagou5/Egg/1.egg/app/schedule/updatecache.js execute succeed, used 5ms
2020-02-05 12:32:29,180 INFO 28285 [Timer] /Users/shenwang/Documents/myDoucuments/zhufeng/jiagou5/Egg/1.egg/app/schedule/updatecache.js next time will execute after 300000ms at 2020-02-05 12:37:29.180
2020-02-05 12:37:29,186 INFO 28285 [Timer] /Users/shenwang/Documents/myDoucuments/zhufeng/jiagou5/Egg/1.egg/app/schedule/updatecache.js next time will execute after 300000ms at 2020-02-05 12:42:29.186
2020-02-05 12:37:29,186 INFO 28370 [Job#15808774491851987902963973112] /Users/shenwang/Documents/myDoucuments/zhufeng/jiagou5/Egg/1.egg/app/schedule/updatecache.js executing by app
2020-02-05 12:37:29,190 INFO 28370 [Job#15808774491851987902963973112] /Users/shenwang/Documents/myDoucuments/zhufeng/jiagou5/Egg/1.egg/app/schedule/updatecache.js execute succeed, used 4ms
2020-02-05 12:42:29,192 INFO 28285 [Timer] /Users/shenwang/Documents/myDoucuments/zhufeng/jiagou5/Egg/1.egg/app/schedule/updatecache.js next time will execute after 300000ms at 2020-02-05 12:47:29.190
2020-02-05 12:42:29,193 INFO 28370 [Job#15808777491891990903001942583] /Users/shenwang/Documents/myDoucuments/zhufeng/jiagou5/Egg/1.egg/app/schedule/updatecache.js executing by app
2020-02-05 12:42:29,195 INFO 28370 [Job#15808777491891990903001942583] /Users/shenwang/Documents/myDoucuments/zhufeng/jiagou5/Egg/1.egg/app/schedule/updatecache.js execute succeed, used 2ms
2020-02-05 12:47:29,196 INFO 28285 [Timer] /Users/shenwang/Documents/myDoucuments/zhufeng/jiagou5/Egg/1.egg/app/schedule/updatecache.js next time will execute after 300000ms at 2020-02-05 12:52:29.196
2020-02-05 12:47:29,196 INFO 28370 [Job#15808780491951993903054588604] /Users/shenwang/Documents/myDoucuments/zhufeng/jiagou5/Egg/1.egg/app/schedule/updatecache.js executing by app
2020-02-05 12:47:29,199 INFO 28370 [Job#15808780491951993903054588604] /Users/shenwang/Documents/myDoucuments/zhufeng/jiagou5/Egg/1.egg/app/schedule/updatecache.js execute succeed, used 3ms
2020-02-05 12:52:29,200 INFO 28285 [Timer] /Users/shenwang/Documents/myDoucuments/zhufeng/jiagou5/Egg/1.egg/app/schedule/updatecache.js next time will execute after 300000ms at 2020-02-05 12:57:29.200
2020-02-05 12:52:29,200 INFO 28370 [Job#15808783492001996903099492765] /Users/shenwang/Documents/myDoucuments/zhufeng/jiagou5/Egg/1.egg/app/schedule/updatecache.js executing by app
2020-02-05 12:52:29,202 INFO 28370 [Job#15808783492001996903099492765] /Users/shenwang/Documents/myDoucuments/zhufeng/jiagou5/Egg/1.egg/app/schedule/updatecache.js execute succeed, used 2ms
2020-02-05 12:57:29,206 INFO 28285 [Timer] /Users/shenwang/Documents/myDoucuments/zhufeng/jiagou5/Egg/1.egg/app/schedule/updatecache.js next time will execute after 300000ms at 2020-02-05 13:02:29.206
2020-02-05 12:57:29,207 INFO 28370 [Job#15808786492061999903157287556] /Users/shenwang/Documents/myDoucuments/zhufeng/jiagou5/Egg/1.egg/app/schedule/updatecache.js executing by app
2020-02-05 12:57:29,210 INFO 28370 [Job#15808786492061999903157287556] /Users/shenwang/Documents/myDoucuments/zhufeng/jiagou5/Egg/1.egg/app/schedule/updatecache.js execute succeed, used 3ms
2020-02-05 13:02:29,212 INFO 28370 [Job#15808789492112002903201801357] /Users/shenwang/Documents/myDoucuments/zhufeng/jiagou5/Egg/1.egg/app/schedule/updatecache.js executing by app
2020-02-05 13:02:29,214 INFO 28370 [Job#15808789492112002903201801357] /Users/shenwang/Documents/myDoucuments/zhufeng/jiagou5/Egg/1.egg/app/schedule/updatecache.js execute succeed, used 2ms
2020-02-05 13:02:29,211 INFO 28285 [Timer] /Users/shenwang/Documents/myDoucuments/zhufeng/jiagou5/Egg/1.egg/app/schedule/updatecache.js next time will execute after 300000ms at 2020-02-05 13:07:29.211
2020-02-05 13:07:29,213 INFO 28285 [Timer] /Users/shenwang/Documents/myDoucuments/zhufeng/jiagou5/Egg/1.egg/app/schedule/updatecache.js next time will execute after 300000ms at 2020-02-05 13:12:29.213
2020-02-05 13:07:29,217 INFO 28370 [Job#15808792492132005903221365488] /Users/shenwang/Documents/myDoucuments/zhufeng/jiagou5/Egg/1.egg/app/schedule/updatecache.js executing by app
2020-02-05 13:07:29,219 INFO 28370 [Job#15808792492132005903221365488] /Users/shenwang/Documents/myDoucuments/zhufeng/jiagou5/Egg/1.egg/app/schedule/updatecache.js execute succeed, used 2ms
2020-02-05 13:12:29,217 INFO 28285 [Timer] /Users/shenwang/Documents/myDoucuments/zhufeng/jiagou5/Egg/1.egg/app/schedule/updatecache.js next time will execute after 300000ms at 2020-02-05 13:17:29.217
2020-02-05 13:12:29,217 INFO 28370 [Job#15808795492172008903253088159] /Users/shenwang/Documents/myDoucuments/zhufeng/jiagou5/Egg/1.egg/app/schedule/updatecache.js executing by app
2020-02-05 13:12:29,220 INFO 28370 [Job#15808795492172008903253088159] /Users/shenwang/Documents/myDoucuments/zhufeng/jiagou5/Egg/1.egg/app/schedule/updatecache.js execute succeed, used 2ms
2020-02-05 13:17:29,222 INFO 28285 [Timer] /Users/shenwang/Documents/myDoucuments/zhufeng/jiagou5/Egg/1.egg/app/schedule/updatecache.js next time will execute after 300000ms at 2020-02-05 13:22:29.222
2020-02-05 13:17:29,223 INFO 28370 [Job#158087984922220119033035728610] /Users/shenwang/Documents/myDoucuments/zhufeng/jiagou5/Egg/1.egg/app/schedule/updatecache.js executing by app
2020-02-05 13:17:29,226 INFO 28370 [Job#158087984922220119033035728610] /Users/shenwang/Documents/myDoucuments/zhufeng/jiagou5/Egg/1.egg/app/schedule/updatecache.js execute succeed, used 3ms
2020-02-05 13:22:29,225 INFO 28285 [Timer] /Users/shenwang/Documents/myDoucuments/zhufeng/jiagou5/Egg/1.egg/app/schedule/updatecache.js next time will execute after 300000ms at 2020-02-05 13:27:29.225
2020-02-05 13:22:29,225 INFO 28370 [Job#158088014922420149033236384911] /Users/shenwang/Documents/myDoucuments/zhufeng/jiagou5/Egg/1.egg/app/schedule/updatecache.js executing by app
2020-02-05 13:22:29,228 INFO 28370 [Job#158088014922420149033236384911] /Users/shenwang/Documents/myDoucuments/zhufeng/jiagou5/Egg/1.egg/app/schedule/updatecache.js execute succeed, used 3ms
2020-02-05 13:27:29,230 INFO 28285 [Timer] /Users/shenwang/Documents/myDoucuments/zhufeng/jiagou5/Egg/1.egg/app/schedule/updatecache.js next time will execute after 300000ms at 2020-02-05 13:32:29.230
2020-02-05 13:27:29,231 INFO 28370 [Job#158088044923020179033782446612] /Users/shenwang/Documents/myDoucuments/zhufeng/jiagou5/Egg/1.egg/app/schedule/updatecache.js executing by app
2020-02-05 13:27:29,234 INFO 28370 [Job#158088044923020179033782446612] /Users/shenwang/Documents/myDoucuments/zhufeng/jiagou5/Egg/1.egg/app/schedule/updatecache.js execute succeed, used 3ms
2020-02-05 13:32:29,235 INFO 28285 [Timer] /Users/shenwang/Documents/myDoucuments/zhufeng/jiagou5/Egg/1.egg/app/schedule/updatecache.js next time will execute after 300000ms at 2020-02-05 13:37:29.235
2020-02-05 13:32:29,236 INFO 28370 [Job#158088074923520209034230328413] /Users/shenwang/Documents/myDoucuments/zhufeng/jiagou5/Egg/1.egg/app/schedule/updatecache.js executing by app
2020-02-05 13:32:29,239 INFO 28370 [Job#158088074923520209034230328413] /Users/shenwang/Documents/myDoucuments/zhufeng/jiagou5/Egg/1.egg/app/schedule/updatecache.js execute succeed, used 3ms
2020-02-05 13:37:29,241 INFO 28285 [Timer] /Users/shenwang/Documents/myDoucuments/zhufeng/jiagou5/Egg/1.egg/app/schedule/updatecache.js next time will execute after 300000ms at 2020-02-05 13:42:29.241
2020-02-05 13:37:29,241 INFO 28370 [Job#158088104924120239034758257914] /Users/shenwang/Documents/myDoucuments/zhufeng/jiagou5/Egg/1.egg/app/schedule/updatecache.js executing by app
2020-02-05 13:37:29,244 INFO 28370 [Job#158088104924120239034758257914] /Users/shenwang/Documents/myDoucuments/zhufeng/jiagou5/Egg/1.egg/app/schedule/updatecache.js execute succeed, used 3ms
2020-02-05 13:42:29,246 INFO 28285 [Timer] /Users/shenwang/Documents/myDoucuments/zhufeng/jiagou5/Egg/1.egg/app/schedule/updatecache.js next time will execute after 300000ms at 2020-02-05 13:47:29.246
2020-02-05 13:42:29,247 INFO 28370 [Job#158088134924620269035266785515] /Users/shenwang/Documents/myDoucuments/zhufeng/jiagou5/Egg/1.egg/app/schedule/updatecache.js executing by app
2020-02-05 13:42:29,250 INFO 28370 [Job#158088134924620269035266785515] /Users/shenwang/Documents/myDoucuments/zhufeng/jiagou5/Egg/1.egg/app/schedule/updatecache.js execute succeed, used 3ms
2020-02-05 13:47:29,255 INFO 28285 [Timer] /Users/shenwang/Documents/myDoucuments/zhufeng/jiagou5/Egg/1.egg/app/schedule/updatecache.js next time will execute after 300000ms at 2020-02-05 13:52:29.255
2020-02-05 13:47:29,255 INFO 28370 [Job#158088164925520299036109226016] /Users/shenwang/Documents/myDoucuments/zhufeng/jiagou5/Egg/1.egg/app/schedule/updatecache.js executing by app
2020-02-05 13:47:29,258 INFO 28370 [Job#158088164925520299036109226016] /Users/shenwang/Documents/myDoucuments/zhufeng/jiagou5/Egg/1.egg/app/schedule/updatecache.js execute succeed, used 2ms
2020-02-05 14:08:12,874 INFO 28285 [Timer] /Users/shenwang/Documents/myDoucuments/zhufeng/jiagou5/Egg/1.egg/app/schedule/updatecache.js next time will execute after 300000ms at 2020-02-05 14:13:12.873
2020-02-05 14:08:12,874 INFO 28370 [Job#158088289287320329036322079217] /Users/shenwang/Documents/myDoucuments/zhufeng/jiagou5/Egg/1.egg/app/schedule/updatecache.js executing by app
2020-02-05 14:08:12,877 INFO 28370 [Job#158088289287320329036322079217] /Users/shenwang/Documents/myDoucuments/zhufeng/jiagou5/Egg/1.egg/app/schedule/updatecache.js execute succeed, used 3ms
2020-02-05 14:41:39,236 INFO 28370 [Job#158088489923520359037374489418] /Users/shenwang/Documents/myDoucuments/zhufeng/jiagou5/Egg/1.egg/app/schedule/updatecache.js executing by app
2020-02-05 14:41:39,239 INFO 28370 [Job#158088489923520359037374489418] /Users/shenwang/Documents/myDoucuments/zhufeng/jiagou5/Egg/1.egg/app/schedule/updatecache.js execute succeed, used 3ms
2020-02-05 14:41:39,236 INFO 28285 [Timer] /Users/shenwang/Documents/myDoucuments/zhufeng/jiagou5/Egg/1.egg/app/schedule/updatecache.js next time will execute after 300000ms at 2020-02-05 14:46:39.235
2020-02-05 15:08:03,299 INFO 28370 [Job#158088648329920389037924018919] /Users/shenwang/Documents/myDoucuments/zhufeng/jiagou5/Egg/1.egg/app/schedule/updatecache.js executing by app
2020-02-05 15:08:03,302 INFO 28370 [Job#158088648329920389037924018919] /Users/shenwang/Documents/myDoucuments/zhufeng/jiagou5/Egg/1.egg/app/schedule/updatecache.js execute succeed, used 2ms
2020-02-05 15:08:03,299 INFO 28285 [Timer] /Users/shenwang/Documents/myDoucuments/zhufeng/jiagou5/Egg/1.egg/app/schedule/updatecache.js next time will execute after 300000ms at 2020-02-05 15:13:03.299
2020-02-05 15:13:03,302 INFO 28285 [Timer] /Users/shenwang/Documents/myDoucuments/zhufeng/jiagou5/Egg/1.egg/app/schedule/updatecache.js next time will execute after 300000ms at 2020-02-05 15:18:03.302
2020-02-05 15:13:03,302 INFO 28370 [Job#158088678330220419038228949020] /Users/shenwang/Documents/myDoucuments/zhufeng/jiagou5/Egg/1.egg/app/schedule/updatecache.js executing by app
2020-02-05 15:13:03,304 INFO 28370 [Job#158088678330220419038228949020] /Users/shenwang/Documents/myDoucuments/zhufeng/jiagou5/Egg/1.egg/app/schedule/updatecache.js execute succeed, used 2ms
2020-02-05 15:18:03,305 INFO 28370 [Job#158088708330420449038452029021] /Users/shenwang/Documents/myDoucuments/zhufeng/jiagou5/Egg/1.egg/app/schedule/updatecache.js executing by app
2020-02-05 15:18:03,308 INFO 28370 [Job#158088708330420449038452029021] /Users/shenwang/Documents/myDoucuments/zhufeng/jiagou5/Egg/1.egg/app/schedule/updatecache.js execute succeed, used 3ms
2020-02-05 15:18:03,305 INFO 28285 [Timer] /Users/shenwang/Documents/myDoucuments/zhufeng/jiagou5/Egg/1.egg/app/schedule/updatecache.js next time will execute after 300000ms at 2020-02-05 15:23:03.305
2020-02-05 15:23:03,306 INFO 28370 [Job#158088738330520479038508368922] /Users/shenwang/Documents/myDoucuments/zhufeng/jiagou5/Egg/1.egg/app/schedule/updatecache.js executing by app
2020-02-05 15:23:03,309 INFO 28370 [Job#158088738330520479038508368922] /Users/shenwang/Documents/myDoucuments/zhufeng/jiagou5/Egg/1.egg/app/schedule/updatecache.js execute succeed, used 3ms
2020-02-05 15:23:03,306 INFO 28285 [Timer] /Users/shenwang/Documents/myDoucuments/zhufeng/jiagou5/Egg/1.egg/app/schedule/updatecache.js next time will execute after 300000ms at 2020-02-05 15:28:03.306
2020-02-05 15:28:03,310 INFO 28370 [Job#158088768331020509038935722723] /Users/shenwang/Documents/myDoucuments/zhufeng/jiagou5/Egg/1.egg/app/schedule/updatecache.js executing by app
2020-02-05 15:28:03,312 INFO 28370 [Job#158088768331020509038935722723] /Users/shenwang/Documents/myDoucuments/zhufeng/jiagou5/Egg/1.egg/app/schedule/updatecache.js execute succeed, used 2ms
2020-02-05 15:28:03,310 INFO 28285 [Timer] /Users/shenwang/Documents/myDoucuments/zhufeng/jiagou5/Egg/1.egg/app/schedule/updatecache.js next time will execute after 300000ms at 2020-02-05 15:33:03.310
2020-02-05 15:33:03,311 INFO 28285 [Timer] /Users/shenwang/Documents/myDoucuments/zhufeng/jiagou5/Egg/1.egg/app/schedule/updatecache.js next time will execute after 300000ms at 2020-02-05 15:38:03.311
2020-02-05 15:33:03,312 INFO 28370 [Job#158088798331120539039008111324] /Users/shenwang/Documents/myDoucuments/zhufeng/jiagou5/Egg/1.egg/app/schedule/updatecache.js executing by app
2020-02-05 15:33:03,314 INFO 28370 [Job#158088798331120539039008111324] /Users/shenwang/Documents/myDoucuments/zhufeng/jiagou5/Egg/1.egg/app/schedule/updatecache.js execute succeed, used 2ms
2020-02-05 15:38:03,318 INFO 28285 [Timer] /Users/shenwang/Documents/myDoucuments/zhufeng/jiagou5/Egg/1.egg/app/schedule/updatecache.js next time will execute after 300000ms at 2020-02-05 15:43:03.318
2020-02-05 15:38:03,318 INFO 28370 [Job#158088828331720569039602832625] /Users/shenwang/Documents/myDoucuments/zhufeng/jiagou5/Egg/1.egg/app/schedule/updatecache.js executing by app
2020-02-05 15:38:03,321 INFO 28370 [Job#158088828331720569039602832625] /Users/shenwang/Documents/myDoucuments/zhufeng/jiagou5/Egg/1.egg/app/schedule/updatecache.js execute succeed, used 3ms
2020-02-05 15:43:03,320 INFO 28370 [Job#158088858331920599039733008926] /Users/shenwang/Documents/myDoucuments/zhufeng/jiagou5/Egg/1.egg/app/schedule/updatecache.js executing by app
2020-02-05 15:43:03,322 INFO 28370 [Job#158088858331920599039733008926] /Users/shenwang/Documents/myDoucuments/zhufeng/jiagou5/Egg/1.egg/app/schedule/updatecache.js execute succeed, used 2ms
2020-02-05 15:43:03,319 INFO 28285 [Timer] /Users/shenwang/Documents/myDoucuments/zhufeng/jiagou5/Egg/1.egg/app/schedule/updatecache.js next time will execute after 300000ms at 2020-02-05 15:48:03.319
2020-02-05 15:48:03,324 INFO 28370 [Job#158088888332120629039949975127] /Users/shenwang/Documents/myDoucuments/zhufeng/jiagou5/Egg/1.egg/app/schedule/updatecache.js executing by app
2020-02-05 15:48:03,327 INFO 28370 [Job#158088888332120629039949975127] /Users/shenwang/Documents/myDoucuments/zhufeng/jiagou5/Egg/1.egg/app/schedule/updatecache.js execute succeed, used 3ms
2020-02-05 15:48:03,322 INFO 28285 [Timer] /Users/shenwang/Documents/myDoucuments/zhufeng/jiagou5/Egg/1.egg/app/schedule/updatecache.js next time will execute after 300000ms at 2020-02-05 15:53:03.322
2020-02-05 15:53:03,323 INFO 28370 [Job#158088918332220659039950271628] /Users/shenwang/Documents/myDoucuments/zhufeng/jiagou5/Egg/1.egg/app/schedule/updatecache.js executing by app
2020-02-05 15:53:03,325 INFO 28370 [Job#158088918332220659039950271628] /Users/shenwang/Documents/myDoucuments/zhufeng/jiagou5/Egg/1.egg/app/schedule/updatecache.js execute succeed, used 2ms
2020-02-05 15:53:03,322 INFO 28285 [Timer] /Users/shenwang/Documents/myDoucuments/zhufeng/jiagou5/Egg/1.egg/app/schedule/updatecache.js next time will execute after 300000ms at 2020-02-05 15:58:03.322
2020-02-05 15:58:03,328 INFO 28285 [Timer] /Users/shenwang/Documents/myDoucuments/zhufeng/jiagou5/Egg/1.egg/app/schedule/updatecache.js next time will execute after 300000ms at 2020-02-05 16:03:03.328
2020-02-05 15:58:03,328 INFO 28370 [Job#158088948332720689040462057529] /Users/shenwang/Documents/myDoucuments/zhufeng/jiagou5/Egg/1.egg/app/schedule/updatecache.js executing by app
2020-02-05 15:58:03,331 INFO 28370 [Job#158088948332720689040462057529] /Users/shenwang/Documents/myDoucuments/zhufeng/jiagou5/Egg/1.egg/app/schedule/updatecache.js execute succeed, used 3ms
2020-02-05 16:03:03,334 INFO 28285 [Timer] /Users/shenwang/Documents/myDoucuments/zhufeng/jiagou5/Egg/1.egg/app/schedule/updatecache.js next time will execute after 300000ms at 2020-02-05 16:08:03.333
2020-02-05 16:03:03,337 INFO 28370 [Job#158088978333220719040914236430] /Users/shenwang/Documents/myDoucuments/zhufeng/jiagou5/Egg/1.egg/app/schedule/updatecache.js executing by app
2020-02-05 16:03:03,346 INFO 28370 [Job#158088978333220719040914236430] /Users/shenwang/Documents/myDoucuments/zhufeng/jiagou5/Egg/1.egg/app/schedule/updatecache.js execute succeed, used 8ms
2020-02-05 16:08:03,337 INFO 28285 [Timer] /Users/shenwang/Documents/myDoucuments/zhufeng/jiagou5/Egg/1.egg/app/schedule/updatecache.js next time will execute after 300000ms at 2020-02-05 16:13:03.337
2020-02-05 16:08:03,338 INFO 28370 [Job#158089008333720749041323539731] /Users/shenwang/Documents/myDoucuments/zhufeng/jiagou5/Egg/1.egg/app/schedule/updatecache.js executing by app
2020-02-05 16:08:03,341 INFO 28370 [Job#158089008333720749041323539731] /Users/shenwang/Documents/myDoucuments/zhufeng/jiagou5/Egg/1.egg/app/schedule/updatecache.js execute succeed, used 3ms
2020-02-05 16:13:03,343 INFO 28285 [Timer] /Users/shenwang/Documents/myDoucuments/zhufeng/jiagou5/Egg/1.egg/app/schedule/updatecache.js next time will execute after 300000ms at 2020-02-05 16:18:03.343
2020-02-05 16:13:03,344 INFO 28370 [Job#158089038334020779041590248432] /Users/shenwang/Documents/myDoucuments/zhufeng/jiagou5/Egg/1.egg/app/schedule/updatecache.js executing by app
2020-02-05 16:13:03,347 INFO 28370 [Job#158089038334020779041590248432] /Users/shenwang/Documents/myDoucuments/zhufeng/jiagou5/Egg/1.egg/app/schedule/updatecache.js execute succeed, used 3ms
2020-02-05 16:18:03,345 INFO 28285 [Timer] /Users/shenwang/Documents/myDoucuments/zhufeng/jiagou5/Egg/1.egg/app/schedule/updatecache.js next time will execute after 300000ms at 2020-02-05 16:23:03.344
2020-02-05 16:18:03,345 INFO 28370 [Job#158089068334420809042026677633] /Users/shenwang/Documents/myDoucuments/zhufeng/jiagou5/Egg/1.egg/app/schedule/updatecache.js executing by app
2020-02-05 16:18:03,346 INFO 28370 [Job#158089068334420809042026677633] /Users/shenwang/Documents/myDoucuments/zhufeng/jiagou5/Egg/1.egg/app/schedule/updatecache.js execute succeed, used 1ms
2020-02-05 16:23:03,351 INFO 28370 [Job#158089098335020839042526164534] /Users/shenwang/Documents/myDoucuments/zhufeng/jiagou5/Egg/1.egg/app/schedule/updatecache.js executing by app
2020-02-05 16:23:03,354 INFO 28370 [Job#158089098335020839042526164534] /Users/shenwang/Documents/myDoucuments/zhufeng/jiagou5/Egg/1.egg/app/schedule/updatecache.js execute succeed, used 3ms
2020-02-05 16:23:03,350 INFO 28285 [Timer] /Users/shenwang/Documents/myDoucuments/zhufeng/jiagou5/Egg/1.egg/app/schedule/updatecache.js next time will execute after 300000ms at 2020-02-05 16:28:03.350
2020-02-05 16:28:03,354 INFO 28285 [Timer] /Users/shenwang/Documents/myDoucuments/zhufeng/jiagou5/Egg/1.egg/app/schedule/updatecache.js next time will execute after 300000ms at 2020-02-05 16:33:03.354
2020-02-05 16:28:03,354 INFO 28370 [Job#158089128335420869042881995535] /Users/shenwang/Documents/myDoucuments/zhufeng/jiagou5/Egg/1.egg/app/schedule/updatecache.js executing by app
2020-02-05 16:28:03,358 INFO 28370 [Job#158089128335420869042881995535] /Users/shenwang/Documents/myDoucuments/zhufeng/jiagou5/Egg/1.egg/app/schedule/updatecache.js execute succeed, used 3ms
2020-02-05 16:28:38,829 INFO 31134 [Timer] /Users/shenwang/Documents/myDoucuments/zhufeng/jiagou5/Egg/1.egg/node_modules/egg-multipart/app/schedule/clean_tmpdir.js next time will execute after 43281174ms at 2020-02-06 04:30:00.003
2020-02-05 16:28:38,829 INFO 31134 [Timer] /Users/shenwang/Documents/myDoucuments/zhufeng/jiagou5/Egg/1.egg/node_modules/egg-logrotator/app/schedule/clean_log.js next time will execute after 27081171ms at 2020-02-06 00:00:00.000
2020-02-05 16:28:38,829 INFO 31134 [Timer] /Users/shenwang/Documents/myDoucuments/zhufeng/jiagou5/Egg/1.egg/node_modules/egg-logrotator/app/schedule/rotate_by_file.js next time will execute after 27082171ms at 2020-02-06 00:00:01.000
2020-02-05 16:28:38,829 INFO 31134 [Timer] /Users/shenwang/Documents/myDoucuments/zhufeng/jiagou5/Egg/1.egg/app/schedule/updatecache.js next time will execute after 300000ms at 2020-02-05 16:33:38.829
2020-02-05 16:28:38,646 INFO 31135 [egg-schedule]: register schedule /Users/shenwang/Documents/myDoucuments/zhufeng/jiagou5/Egg/1.egg/node_modules/egg-multipart/app/schedule/clean_tmpdir.js
2020-02-05 16:28:38,646 INFO 31135 [egg-schedule]: register schedule /Users/shenwang/Documents/myDoucuments/zhufeng/jiagou5/Egg/1.egg/node_modules/egg-logrotator/app/schedule/clean_log.js
2020-02-05 16:28:38,646 INFO 31135 [egg-schedule]: register schedule /Users/shenwang/Documents/myDoucuments/zhufeng/jiagou5/Egg/1.egg/node_modules/egg-logrotator/app/schedule/rotate_by_file.js
2020-02-05 16:28:38,646 INFO 31135 [egg-schedule]: register schedule /Users/shenwang/Documents/myDoucuments/zhufeng/jiagou5/Egg/1.egg/app/schedule/updatecache.js
2020-02-05 16:33:38,836 INFO 31134 [Timer] /Users/shenwang/Documents/myDoucuments/zhufeng/jiagou5/Egg/1.egg/app/schedule/updatecache.js next time will execute after 300000ms at 2020-02-05 16:38:38.836
2020-02-05 16:33:38,837 INFO 31135 [Job#15808916188352090259100177311] /Users/shenwang/Documents/myDoucuments/zhufeng/jiagou5/Egg/1.egg/app/schedule/updatecache.js executing by app
2020-02-05 16:33:38,843 INFO 31135 [Job#15808916188352090259100177311] /Users/shenwang/Documents/myDoucuments/zhufeng/jiagou5/Egg/1.egg/app/schedule/updatecache.js execute succeed, used 5ms
2020-02-05 17:01:37,307 INFO 32137 [egg-schedule]: register schedule /Users/shenwang/Documents/myDoucuments/zhufeng/jiagou5/Egg/1.egg/node_modules/egg-multipart/app/schedule/clean_tmpdir.js
2020-02-05 17:01:37,307 INFO 32137 [egg-schedule]: register schedule /Users/shenwang/Documents/myDoucuments/zhufeng/jiagou5/Egg/1.egg/node_modules/egg-logrotator/app/schedule/clean_log.js
2020-02-05 17:01:37,307 INFO 32137 [egg-schedule]: register schedule /Users/shenwang/Documents/myDoucuments/zhufeng/jiagou5/Egg/1.egg/node_modules/egg-logrotator/app/schedule/rotate_by_file.js
2020-02-05 17:01:37,307 INFO 32137 [egg-schedule]: register schedule /Users/shenwang/Documents/myDoucuments/zhufeng/jiagou5/Egg/1.egg/app/schedule/updatecache.js
2020-02-05 17:02:53,231 INFO 32213 [egg-schedule]: register schedule /Users/shenwang/Documents/myDoucuments/zhufeng/jiagou5/Egg/1.egg/node_modules/egg-multipart/app/schedule/clean_tmpdir.js
2020-02-05 17:02:53,231 INFO 32213 [egg-schedule]: register schedule /Users/shenwang/Documents/myDoucuments/zhufeng/jiagou5/Egg/1.egg/node_modules/egg-logrotator/app/schedule/clean_log.js
2020-02-05 17:02:53,231 INFO 32213 [egg-schedule]: register schedule /Users/shenwang/Documents/myDoucuments/zhufeng/jiagou5/Egg/1.egg/node_modules/egg-logrotator/app/schedule/rotate_by_file.js
2020-02-05 17:02:53,231 INFO 32213 [egg-schedule]: register schedule /Users/shenwang/Documents/myDoucuments/zhufeng/jiagou5/Egg/1.egg/app/schedule/updatecache.js
2020-02-05 17:02:58,173 INFO 32266 [egg-schedule]: register schedule /Users/shenwang/Documents/myDoucuments/zhufeng/jiagou5/Egg/1.egg/node_modules/egg-multipart/app/schedule/clean_tmpdir.js
2020-02-05 17:02:58,173 INFO 32266 [egg-schedule]: register schedule /Users/shenwang/Documents/myDoucuments/zhufeng/jiagou5/Egg/1.egg/node_modules/egg-logrotator/app/schedule/clean_log.js
2020-02-05 17:02:58,173 INFO 32266 [egg-schedule]: register schedule /Users/shenwang/Documents/myDoucuments/zhufeng/jiagou5/Egg/1.egg/node_modules/egg-logrotator/app/schedule/rotate_by_file.js
2020-02-05 17:02:58,173 INFO 32266 [egg-schedule]: register schedule /Users/shenwang/Documents/myDoucuments/zhufeng/jiagou5/Egg/1.egg/app/schedule/updatecache.js
2020-02-05 17:04:11,930 INFO 32328 [Timer] /Users/shenwang/Documents/myDoucuments/zhufeng/jiagou5/Egg/1.egg/node_modules/egg-multipart/app/schedule/clean_tmpdir.js next time will execute after 41148074ms at 2020-02-06 04:30:00.004
2020-02-05 17:04:11,930 INFO 32328 [Timer] /Users/shenwang/Documents/myDoucuments/zhufeng/jiagou5/Egg/1.egg/node_modules/egg-logrotator/app/schedule/clean_log.js next time will execute after 24948070ms at 2020-02-06 00:00:00.000
2020-02-05 17:04:11,931 INFO 32328 [Timer] /Users/shenwang/Documents/myDoucuments/zhufeng/jiagou5/Egg/1.egg/node_modules/egg-logrotator/app/schedule/rotate_by_file.js next time will execute after 24949070ms at 2020-02-06 00:00:01.001
2020-02-05 17:04:11,931 INFO 32328 [Timer] /Users/shenwang/Documents/myDoucuments/zhufeng/jiagou5/Egg/1.egg/app/schedule/updatecache.js next time will execute after 300000ms at 2020-02-05 17:09:11.931
2020-02-05 17:04:11,774 INFO 32329 [egg-schedule]: register schedule /Users/shenwang/Documents/myDoucuments/zhufeng/jiagou5/Egg/1.egg/node_modules/egg-multipart/app/schedule/clean_tmpdir.js
2020-02-05 17:04:11,774 INFO 32329 [egg-schedule]: register schedule /Users/shenwang/Documents/myDoucuments/zhufeng/jiagou5/Egg/1.egg/node_modules/egg-logrotator/app/schedule/clean_log.js
2020-02-05 17:04:11,774 INFO 32329 [egg-schedule]: register schedule /Users/shenwang/Documents/myDoucuments/zhufeng/jiagou5/Egg/1.egg/node_modules/egg-logrotator/app/schedule/rotate_by_file.js
2020-02-05 17:04:11,774 INFO 32329 [egg-schedule]: register schedule /Users/shenwang/Documents/myDoucuments/zhufeng/jiagou5/Egg/1.egg/app/schedule/updatecache.js
2020-02-05 17:09:11,937 INFO 32328 [Timer] /Users/shenwang/Documents/myDoucuments/zhufeng/jiagou5/Egg/1.egg/app/schedule/updatecache.js next time will execute after 300000ms at 2020-02-05 17:14:11.937
2020-02-05 17:09:11,938 INFO 32329 [Job#158089375193621115990113471] /Users/shenwang/Documents/myDoucuments/zhufeng/jiagou5/Egg/1.egg/app/schedule/updatecache.js executing by app
2020-02-05 17:09:11,944 INFO 32329 [Job#158089375193621115990113471] /Users/shenwang/Documents/myDoucuments/zhufeng/jiagou5/Egg/1.egg/app/schedule/updatecache.js execute succeed, used 6ms
2020-02-05 17:14:11,942 INFO 32329 [Job#1580894051941211459127936302] /Users/shenwang/Documents/myDoucuments/zhufeng/jiagou5/Egg/1.egg/app/schedule/updatecache.js executing by app
2020-02-05 17:14:11,945 INFO 32329 [Job#1580894051941211459127936302] /Users/shenwang/Documents/myDoucuments/zhufeng/jiagou5/Egg/1.egg/app/schedule/updatecache.js execute succeed, used 3ms
2020-02-05 17:14:11,941 INFO 32328 [Timer] /Users/shenwang/Documents/myDoucuments/zhufeng/jiagou5/Egg/1.egg/app/schedule/updatecache.js next time will execute after 300000ms at 2020-02-05 17:19:11.941
2020-02-05 17:19:11,943 INFO 32329 [Job#1580894351943211759143555663] /Users/shenwang/Documents/myDoucuments/zhufeng/jiagou5/Egg/1.egg/app/schedule/updatecache.js executing by app
2020-02-05 17:19:11,946 INFO 32329 [Job#1580894351943211759143555663] /Users/shenwang/Documents/myDoucuments/zhufeng/jiagou5/Egg/1.egg/app/schedule/updatecache.js execute succeed, used 3ms
2020-02-05 17:19:11,943 INFO 32328 [Timer] /Users/shenwang/Documents/myDoucuments/zhufeng/jiagou5/Egg/1.egg/app/schedule/updatecache.js next time will execute after 300000ms at 2020-02-05 17:24:11.943
2020-02-05 17:24:11,945 INFO 32329 [Job#1580894651945212059160242234] /Users/shenwang/Documents/myDoucuments/zhufeng/jiagou5/Egg/1.egg/app/schedule/updatecache.js executing by app
2020-02-05 17:24:11,948 INFO 32329 [Job#1580894651945212059160242234] /Users/shenwang/Documents/myDoucuments/zhufeng/jiagou5/Egg/1.egg/app/schedule/updatecache.js execute succeed, used 2ms
2020-02-05 17:24:11,945 INFO 32328 [Timer] /Users/shenwang/Documents/myDoucuments/zhufeng/jiagou5/Egg/1.egg/app/schedule/updatecache.js next time will execute after 300000ms at 2020-02-05 17:29:11.945
2020-02-05 17:29:11,950 INFO 32329 [Job#1580894951947212359185391325] /Users/shenwang/Documents/myDoucuments/zhufeng/jiagou5/Egg/1.egg/app/schedule/updatecache.js executing by app
2020-02-05 17:29:11,952 INFO 32329 [Job#1580894951947212359185391325] /Users/shenwang/Documents/myDoucuments/zhufeng/jiagou5/Egg/1.egg/app/schedule/updatecache.js execute succeed, used 2ms
2020-02-05 17:29:11,949 INFO 32328 [Timer] /Users/shenwang/Documents/myDoucuments/zhufeng/jiagou5/Egg/1.egg/app/schedule/updatecache.js next time will execute after 300000ms at 2020-02-05 17:34:11.949
2020-02-05 17:34:11,950 INFO 32329 [Job#1580895251950212659203599916] /Users/shenwang/Documents/myDoucuments/zhufeng/jiagou5/Egg/1.egg/app/schedule/updatecache.js executing by app
2020-02-05 17:34:11,955 INFO 32329 [Job#1580895251950212659203599916] /Users/shenwang/Documents/myDoucuments/zhufeng/jiagou5/Egg/1.egg/app/schedule/updatecache.js execute succeed, used 5ms
2020-02-05 17:34:11,950 INFO 32328 [Timer] /Users/shenwang/Documents/myDoucuments/zhufeng/jiagou5/Egg/1.egg/app/schedule/updatecache.js next time will execute after 300000ms at 2020-02-05 17:39:11.950
2020-02-05 17:39:11,951 INFO 32328 [Timer] /Users/shenwang/Documents/myDoucuments/zhufeng/jiagou5/Egg/1.egg/app/schedule/updatecache.js next time will execute after 300000ms at 2020-02-05 17:44:11.951
2020-02-05 17:39:11,952 INFO 32329 [Job#1580895551951212959213059327] /Users/shenwang/Documents/myDoucuments/zhufeng/jiagou5/Egg/1.egg/app/schedule/updatecache.js executing by app
2020-02-05 17:39:11,955 INFO 32329 [Job#1580895551951212959213059327] /Users/shenwang/Documents/myDoucuments/zhufeng/jiagou5/Egg/1.egg/app/schedule/updatecache.js execute succeed, used 3ms
2020-02-05 17:44:44,633 INFO 32328 [Timer] /Users/shenwang/Documents/myDoucuments/zhufeng/jiagou5/Egg/1.egg/app/schedule/updatecache.js next time will execute after 300000ms at 2020-02-05 17:49:44.632
2020-02-05 17:44:44,633 INFO 32329 [Job#1580895884632213259264048998] /Users/shenwang/Documents/myDoucuments/zhufeng/jiagou5/Egg/1.egg/app/schedule/updatecache.js executing by app
2020-02-05 17:44:44,636 INFO 32329 [Job#1580895884632213259264048998] /Users/shenwang/Documents/myDoucuments/zhufeng/jiagou5/Egg/1.egg/app/schedule/updatecache.js execute succeed, used 3ms
2020-02-05 17:49:44,634 INFO 32328 [Timer] /Users/shenwang/Documents/myDoucuments/zhufeng/jiagou5/Egg/1.egg/app/schedule/updatecache.js next time will execute after 300000ms at 2020-02-05 17:54:44.634
2020-02-05 17:49:44,635 INFO 32329 [Job#1580896184634213559277242769] /Users/shenwang/Documents/myDoucuments/zhufeng/jiagou5/Egg/1.egg/app/schedule/updatecache.js executing by app
2020-02-05 17:49:44,637 INFO 32329 [Job#1580896184634213559277242769] /Users/shenwang/Documents/myDoucuments/zhufeng/jiagou5/Egg/1.egg/app/schedule/updatecache.js execute succeed, used 2ms
2020-02-05 17:54:44,636 INFO 32329 [Job#15808964846352138592880698110] /Users/shenwang/Documents/myDoucuments/zhufeng/jiagou5/Egg/1.egg/app/schedule/updatecache.js executing by app
2020-02-05 17:54:44,639 INFO 32329 [Job#15808964846352138592880698110] /Users/shenwang/Documents/myDoucuments/zhufeng/jiagou5/Egg/1.egg/app/schedule/updatecache.js execute succeed, used 3ms
2020-02-05 17:54:44,636 INFO 32328 [Timer] /Users/shenwang/Documents/myDoucuments/zhufeng/jiagou5/Egg/1.egg/app/schedule/updatecache.js next time will execute after 300000ms at 2020-02-05 17:59:44.635
2020-02-05 17:59:44,640 INFO 32329 [Job#15808967846392141593239154211] /Users/shenwang/Documents/myDoucuments/zhufeng/jiagou5/Egg/1.egg/app/schedule/updatecache.js executing by app
2020-02-05 17:59:44,643 INFO 32329 [Job#15808967846392141593239154211] /Users/shenwang/Documents/myDoucuments/zhufeng/jiagou5/Egg/1.egg/app/schedule/updatecache.js execute succeed, used 3ms
2020-02-05 17:59:44,639 INFO 32328 [Timer] /Users/shenwang/Documents/myDoucuments/zhufeng/jiagou5/Egg/1.egg/app/schedule/updatecache.js next time will execute after 300000ms at 2020-02-05 18:04:44.639
2020-02-05 18:04:44,644 INFO 32329 [Job#15808970846442144593656288112] /Users/shenwang/Documents/myDoucuments/zhufeng/jiagou5/Egg/1.egg/app/schedule/updatecache.js executing by app
2020-02-05 18:04:44,647 INFO 32329 [Job#15808970846442144593656288112] /Users/shenwang/Documents/myDoucuments/zhufeng/jiagou5/Egg/1.egg/app/schedule/updatecache.js execute succeed, used 2ms
2020-02-05 18:04:44,644 INFO 32328 [Timer] /Users/shenwang/Documents/myDoucuments/zhufeng/jiagou5/Egg/1.egg/app/schedule/updatecache.js next time will execute after 300000ms at 2020-02-05 18:09:44.644
2020-02-05 18:09:44,653 INFO 32328 [Timer] /Users/shenwang/Documents/myDoucuments/zhufeng/jiagou5/Egg/1.egg/app/schedule/updatecache.js next time will execute after 300000ms at 2020-02-05 18:14:44.653
2020-02-05 18:09:44,654 INFO 32329 [Job#15808973846532147594525764213] /Users/shenwang/Documents/myDoucuments/zhufeng/jiagou5/Egg/1.egg/app/schedule/updatecache.js executing by app
2020-02-05 18:09:44,656 INFO 32329 [Job#15808973846532147594525764213] /Users/shenwang/Documents/myDoucuments/zhufeng/jiagou5/Egg/1.egg/app/schedule/updatecache.js execute succeed, used 2ms
2020-02-05 18:15:50,884 INFO 32329 [Job#15808977508832150594591473814] /Users/shenwang/Documents/myDoucuments/zhufeng/jiagou5/Egg/1.egg/app/schedule/updatecache.js executing by app
2020-02-05 18:15:50,895 INFO 32329 [Job#15808977508832150594591473814] /Users/shenwang/Documents/myDoucuments/zhufeng/jiagou5/Egg/1.egg/app/schedule/updatecache.js execute succeed, used 11ms
2020-02-05 18:15:50,883 INFO 32328 [Timer] /Users/shenwang/Documents/myDoucuments/zhufeng/jiagou5/Egg/1.egg/app/schedule/updatecache.js next time will execute after 300000ms at 2020-02-05 18:20:50.883
2020-02-05 18:20:50,887 INFO 32328 [Timer] /Users/shenwang/Documents/myDoucuments/zhufeng/jiagou5/Egg/1.egg/app/schedule/updatecache.js next time will execute after 300000ms at 2020-02-05 18:25:50.887
2020-02-05 18:20:50,888 INFO 32329 [Job#15808980508872153594940386515] /Users/shenwang/Documents/myDoucuments/zhufeng/jiagou5/Egg/1.egg/app/schedule/updatecache.js executing by app
2020-02-05 18:20:50,890 INFO 32329 [Job#15808980508872153594940386515] /Users/shenwang/Documents/myDoucuments/zhufeng/jiagou5/Egg/1.egg/app/schedule/updatecache.js execute succeed, used 2ms
2020-02-05 18:25:50,891 INFO 32329 [Job#15808983508902156595247507416] /Users/shenwang/Documents/myDoucuments/zhufeng/jiagou5/Egg/1.egg/app/schedule/updatecache.js executing by app
2020-02-05 18:25:50,893 INFO 32329 [Job#15808983508902156595247507416] /Users/shenwang/Documents/myDoucuments/zhufeng/jiagou5/Egg/1.egg/app/schedule/updatecache.js execute succeed, used 2ms
2020-02-05 18:25:50,891 INFO 32328 [Timer] /Users/shenwang/Documents/myDoucuments/zhufeng/jiagou5/Egg/1.egg/app/schedule/updatecache.js next time will execute after 300000ms at 2020-02-05 18:30:50.891
2020-02-05 18:30:50,891 INFO 32328 [Timer] /Users/shenwang/Documents/myDoucuments/zhufeng/jiagou5/Egg/1.egg/app/schedule/updatecache.js next time will execute after 300000ms at 2020-02-05 18:35:50.891
2020-02-05 18:30:50,892 INFO 32329 [Job#15808986508912159595294383017] /Users/shenwang/Documents/myDoucuments/zhufeng/jiagou5/Egg/1.egg/app/schedule/updatecache.js executing by app
2020-02-05 18:30:50,895 INFO 32329 [Job#15808986508912159595294383017] /Users/shenwang/Documents/myDoucuments/zhufeng/jiagou5/Egg/1.egg/app/schedule/updatecache.js execute succeed, used 3ms
2020-02-05 18:35:50,893 INFO 32328 [Timer] /Users/shenwang/Documents/myDoucuments/zhufeng/jiagou5/Egg/1.egg/app/schedule/updatecache.js next time will execute after 300000ms at 2020-02-05 18:40:50.892
2020-02-05 18:35:50,893 INFO 32329 [Job#15808989508922162595377426618] /Users/shenwang/Documents/myDoucuments/zhufeng/jiagou5/Egg/1.egg/app/schedule/updatecache.js executing by app
2020-02-05 18:35:50,894 INFO 32329 [Job#15808989508922162595377426618] /Users/shenwang/Documents/myDoucuments/zhufeng/jiagou5/Egg/1.egg/app/schedule/updatecache.js execute succeed, used 1ms
2020-02-05 18:40:50,898 INFO 32328 [Timer] /Users/shenwang/Documents/myDoucuments/zhufeng/jiagou5/Egg/1.egg/app/schedule/updatecache.js next time will execute after 300000ms at 2020-02-05 18:45:50.898
2020-02-05 18:40:50,899 INFO 32329 [Job#15808992508982165595897970519] /Users/shenwang/Documents/myDoucuments/zhufeng/jiagou5/Egg/1.egg/app/schedule/updatecache.js executing by app
2020-02-05 18:40:50,901 INFO 32329 [Job#15808992508982165595897970519] /Users/shenwang/Documents/myDoucuments/zhufeng/jiagou5/Egg/1.egg/app/schedule/updatecache.js execute succeed, used 2ms
2020-02-05 18:45:50,909 INFO 32328 [Timer] /Users/shenwang/Documents/myDoucuments/zhufeng/jiagou5/Egg/1.egg/app/schedule/updatecache.js next time will execute after 300000ms at 2020-02-05 18:50:50.909
2020-02-05 18:45:50,909 INFO 32329 [Job#15808995509082168596912097620] /Users/shenwang/Documents/myDoucuments/zhufeng/jiagou5/Egg/1.egg/app/schedule/updatecache.js executing by app
2020-02-05 18:45:50,912 INFO 32329 [Job#15808995509082168596912097620] /Users/shenwang/Documents/myDoucuments/zhufeng/jiagou5/Egg/1.egg/app/schedule/updatecache.js execute succeed, used 3ms
2020-02-05 18:58:12,539 INFO 32329 [Job#15809002925392171597494154821] /Users/shenwang/Documents/myDoucuments/zhufeng/jiagou5/Egg/1.egg/app/schedule/updatecache.js executing by app
2020-02-05 18:58:12,542 INFO 32329 [Job#15809002925392171597494154821] /Users/shenwang/Documents/myDoucuments/zhufeng/jiagou5/Egg/1.egg/app/schedule/updatecache.js execute succeed, used 3ms
2020-02-05 18:58:12,539 INFO 32328 [Timer] /Users/shenwang/Documents/myDoucuments/zhufeng/jiagou5/Egg/1.egg/app/schedule/updatecache.js next time will execute after 300000ms at 2020-02-05 19:03:12.539
2020-02-05 19:03:12,547 INFO 32328 [Timer] /Users/shenwang/Documents/myDoucuments/zhufeng/jiagou5/Egg/1.egg/app/schedule/updatecache.js next time will execute after 300000ms at 2020-02-05 19:08:12.547
2020-02-05 19:03:12,547 INFO 32329 [Job#15809005925472174598261704022] /Users/shenwang/Documents/myDoucuments/zhufeng/jiagou5/Egg/1.egg/app/schedule/updatecache.js executing by app
2020-02-05 19:03:12,550 INFO 32329 [Job#15809005925472174598261704022] /Users/shenwang/Documents/myDoucuments/zhufeng/jiagou5/Egg/1.egg/app/schedule/updatecache.js execute succeed, used 2ms
2020-02-05 19:24:59,462 INFO 32328 [Timer] /Users/shenwang/Documents/myDoucuments/zhufeng/jiagou5/Egg/1.egg/app/schedule/updatecache.js next time will execute after 300000ms at 2020-02-05 19:29:59.462
2020-02-05 19:24:59,463 INFO 32329 [Job#15809018994622177598620292423] /Users/shenwang/Documents/myDoucuments/zhufeng/jiagou5/Egg/1.egg/app/schedule/updatecache.js executing by app
2020-02-05 19:24:59,464 INFO 32329 [Job#15809018994622177598620292423] /Users/shenwang/Documents/myDoucuments/zhufeng/jiagou5/Egg/1.egg/app/schedule/updatecache.js execute succeed, used 1ms
2020-02-05 19:29:59,466 INFO 32329 [Job#15809021994652180598887275624] /Users/shenwang/Documents/myDoucuments/zhufeng/jiagou5/Egg/1.egg/app/schedule/updatecache.js executing by app
2020-02-05 19:29:59,467 INFO 32329 [Job#15809021994652180598887275624] /Users/shenwang/Documents/myDoucuments/zhufeng/jiagou5/Egg/1.egg/app/schedule/updatecache.js execute succeed, used 1ms
2020-02-05 19:29:59,465 INFO 32328 [Timer] /Users/shenwang/Documents/myDoucuments/zhufeng/jiagou5/Egg/1.egg/app/schedule/updatecache.js next time will execute after 300000ms at 2020-02-05 19:34:59.465
2020-02-05 19:34:59,468 INFO 32328 [Timer] /Users/shenwang/Documents/myDoucuments/zhufeng/jiagou5/Egg/1.egg/app/schedule/updatecache.js next time will execute after 300000ms at 2020-02-05 19:39:59.468
2020-02-05 19:34:59,468 INFO 32329 [Job#15809024994672183599055915325] /Users/shenwang/Documents/myDoucuments/zhufeng/jiagou5/Egg/1.egg/app/schedule/updatecache.js executing by app
2020-02-05 19:34:59,471 INFO 32329 [Job#15809024994672183599055915325] /Users/shenwang/Documents/myDoucuments/zhufeng/jiagou5/Egg/1.egg/app/schedule/updatecache.js execute succeed, used 3ms
2020-02-05 19:39:59,472 INFO 32329 [Job#15809027994712186599382389226] /Users/shenwang/Documents/myDoucuments/zhufeng/jiagou5/Egg/1.egg/app/schedule/updatecache.js executing by app
2020-02-05 19:39:59,475 INFO 32329 [Job#15809027994712186599382389226] /Users/shenwang/Documents/myDoucuments/zhufeng/jiagou5/Egg/1.egg/app/schedule/updatecache.js execute succeed, used 3ms
2020-02-05 19:39:59,471 INFO 32328 [Timer] /Users/shenwang/Documents/myDoucuments/zhufeng/jiagou5/Egg/1.egg/app/schedule/updatecache.js next time will execute after 300000ms at 2020-02-05 19:44:59.471
2020-02-05 19:44:59,477 INFO 32328 [Timer] /Users/shenwang/Documents/myDoucuments/zhufeng/jiagou5/Egg/1.egg/app/schedule/updatecache.js next time will execute after 300000ms at 2020-02-05 19:49:59.477
2020-02-05 19:44:59,477 INFO 32329 [Job#15809030994762189599898134827] /Users/shenwang/Documents/myDoucuments/zhufeng/jiagou5/Egg/1.egg/app/schedule/updatecache.js executing by app
2020-02-05 19:44:59,480 INFO 32329 [Job#15809030994762189599898134827] /Users/shenwang/Documents/myDoucuments/zhufeng/jiagou5/Egg/1.egg/app/schedule/updatecache.js execute succeed, used 3ms
2020-02-05 19:49:59,480 INFO 32329 [Job#158090339948021925910205623328] /Users/shenwang/Documents/myDoucuments/zhufeng/jiagou5/Egg/1.egg/app/schedule/updatecache.js executing by app
2020-02-05 19:49:59,482 INFO 32329 [Job#158090339948021925910205623328] /Users/shenwang/Documents/myDoucuments/zhufeng/jiagou5/Egg/1.egg/app/schedule/updatecache.js execute succeed, used 2ms
2020-02-05 19:49:59,480 INFO 32328 [Timer] /Users/shenwang/Documents/myDoucuments/zhufeng/jiagou5/Egg/1.egg/app/schedule/updatecache.js next time will execute after 300000ms at 2020-02-05 19:54:59.480
2020-02-05 19:54:59,488 INFO 32329 [Job#158090369948821955910948863529] /Users/shenwang/Documents/myDoucuments/zhufeng/jiagou5/Egg/1.egg/app/schedule/updatecache.js executing by app
2020-02-05 19:54:59,491 INFO 32329 [Job#158090369948821955910948863529] /Users/shenwang/Documents/myDoucuments/zhufeng/jiagou5/Egg/1.egg/app/schedule/updatecache.js execute succeed, used 3ms
2020-02-05 19:54:59,488 INFO 32328 [Timer] /Users/shenwang/Documents/myDoucuments/zhufeng/jiagou5/Egg/1.egg/app/schedule/updatecache.js next time will execute after 300000ms at 2020-02-05 19:59:59.488
2020-02-05 20:16:28,292 INFO 32329 [Job#158090498829121985911085295130] /Users/shenwang/Documents/myDoucuments/zhufeng/jiagou5/Egg/1.egg/app/schedule/updatecache.js executing by app
2020-02-05 20:16:28,294 INFO 32329 [Job#158090498829121985911085295130] /Users/shenwang/Documents/myDoucuments/zhufeng/jiagou5/Egg/1.egg/app/schedule/updatecache.js execute succeed, used 2ms
2020-02-05 20:16:28,291 INFO 32328 [Timer] /Users/shenwang/Documents/myDoucuments/zhufeng/jiagou5/Egg/1.egg/app/schedule/updatecache.js next time will execute after 300000ms at 2020-02-05 20:21:28.291
2020-02-05 20:21:28,293 INFO 32329 [Job#158090528829222015911183070831] /Users/shenwang/Documents/myDoucuments/zhufeng/jiagou5/Egg/1.egg/app/schedule/updatecache.js executing by app
2020-02-05 20:21:28,296 INFO 32329 [Job#158090528829222015911183070831] /Users/shenwang/Documents/myDoucuments/zhufeng/jiagou5/Egg/1.egg/app/schedule/updatecache.js execute succeed, used 3ms
2020-02-05 20:21:28,292 INFO 32328 [Timer] /Users/shenwang/Documents/myDoucuments/zhufeng/jiagou5/Egg/1.egg/app/schedule/updatecache.js next time will execute after 300000ms at 2020-02-05 20:26:28.292
2020-02-05 20:26:28,296 INFO 32328 [Timer] /Users/shenwang/Documents/myDoucuments/zhufeng/jiagou5/Egg/1.egg/app/schedule/updatecache.js next time will execute after 300000ms at 2020-02-05 20:31:28.296
2020-02-05 20:26:28,297 INFO 32329 [Job#158090558829622045911555492932] /Users/shenwang/Documents/myDoucuments/zhufeng/jiagou5/Egg/1.egg/app/schedule/updatecache.js executing by app
2020-02-05 20:26:28,302 INFO 32329 [Job#158090558829622045911555492932] /Users/shenwang/Documents/myDoucuments/zhufeng/jiagou5/Egg/1.egg/app/schedule/updatecache.js execute succeed, used 5ms
2020-02-05 20:31:28,302 INFO 32329 [Job#158090588830222075912061175933] /Users/shenwang/Documents/myDoucuments/zhufeng/jiagou5/Egg/1.egg/app/schedule/updatecache.js executing by app
2020-02-05 20:31:28,305 INFO 32329 [Job#158090588830222075912061175933] /Users/shenwang/Documents/myDoucuments/zhufeng/jiagou5/Egg/1.egg/app/schedule/updatecache.js execute succeed, used 3ms
2020-02-05 20:31:28,302 INFO 32328 [Timer] /Users/shenwang/Documents/myDoucuments/zhufeng/jiagou5/Egg/1.egg/app/schedule/updatecache.js next time will execute after 300000ms at 2020-02-05 20:36:28.302
2020-02-05 20:36:28,304 INFO 32329 [Job#158090618830422105912228805934] /Users/shenwang/Documents/myDoucuments/zhufeng/jiagou5/Egg/1.egg/app/schedule/updatecache.js executing by app
2020-02-05 20:36:28,307 INFO 32329 [Job#158090618830422105912228805934] /Users/shenwang/Documents/myDoucuments/zhufeng/jiagou5/Egg/1.egg/app/schedule/updatecache.js execute succeed, used 2ms
2020-02-05 20:36:28,304 INFO 32328 [Timer] /Users/shenwang/Documents/myDoucuments/zhufeng/jiagou5/Egg/1.egg/app/schedule/updatecache.js next time will execute after 300000ms at 2020-02-05 20:41:28.304
2020-02-05 20:48:17,245 INFO 32329 [Job#158090689724422135913241283635] /Users/shenwang/Documents/myDoucuments/zhufeng/jiagou5/Egg/1.egg/app/schedule/updatecache.js executing by app
2020-02-05 20:48:17,248 INFO 32329 [Job#158090689724422135913241283635] /Users/shenwang/Documents/myDoucuments/zhufeng/jiagou5/Egg/1.egg/app/schedule/updatecache.js execute succeed, used 3ms
2020-02-05 20:48:17,244 INFO 32328 [Timer] /Users/shenwang/Documents/myDoucuments/zhufeng/jiagou5/Egg/1.egg/app/schedule/updatecache.js next time will execute after 300000ms at 2020-02-05 20:53:17.244
2020-02-05 20:55:39,179 INFO 32328 [Timer] /Users/shenwang/Documents/myDoucuments/zhufeng/jiagou5/Egg/1.egg/app/schedule/updatecache.js next time will execute after 300000ms at 2020-02-05 21:00:39.179
2020-02-05 20:55:39,180 INFO 32329 [Job#158090733917922165913697286436] /Users/shenwang/Documents/myDoucuments/zhufeng/jiagou5/Egg/1.egg/app/schedule/updatecache.js executing by app
2020-02-05 20:55:39,183 INFO 32329 [Job#158090733917922165913697286436] /Users/shenwang/Documents/myDoucuments/zhufeng/jiagou5/Egg/1.egg/app/schedule/updatecache.js execute succeed, used 3ms
2020-02-05 21:00:39,186 INFO 32328 [Timer] /Users/shenwang/Documents/myDoucuments/zhufeng/jiagou5/Egg/1.egg/app/schedule/updatecache.js next time will execute after 300000ms at 2020-02-05 21:05:39.186
2020-02-05 21:00:39,186 INFO 32329 [Job#158090763918622195914319445137] /Users/shenwang/Documents/myDoucuments/zhufeng/jiagou5/Egg/1.egg/app/schedule/updatecache.js executing by app
2020-02-05 21:00:39,189 INFO 32329 [Job#158090763918622195914319445137] /Users/shenwang/Documents/myDoucuments/zhufeng/jiagou5/Egg/1.egg/app/schedule/updatecache.js execute succeed, used 3ms
2020-02-05 21:51:24,005 INFO 32328 [Timer] /Users/shenwang/Documents/myDoucuments/zhufeng/jiagou5/Egg/1.egg/app/schedule/updatecache.js next time will execute after 300000ms at 2020-02-05 21:56:24.005
2020-02-05 21:51:24,010 INFO 32329 [Job#158091068400522226027629840938] /Users/shenwang/Documents/myDoucuments/zhufeng/jiagou5/Egg/1.egg/app/schedule/updatecache.js executing by app
2020-02-05 21:51:24,014 INFO 32329 [Job#158091068400522226027629840938] /Users/shenwang/Documents/myDoucuments/zhufeng/jiagou5/Egg/1.egg/app/schedule/updatecache.js execute succeed, used 4ms
2020-02-05 23:06:22,250 INFO 32328 [Timer] /Users/shenwang/Documents/myDoucuments/zhufeng/jiagou5/Egg/1.egg/app/schedule/updatecache.js next time will execute after 300000ms at 2020-02-05 23:11:22.250
2020-02-05 23:06:22,251 INFO 32329 [Job#158091518225022256028154748839] /Users/shenwang/Documents/myDoucuments/zhufeng/jiagou5/Egg/1.egg/app/schedule/updatecache.js executing by app
2020-02-05 23:06:22,254 INFO 32329 [Job#158091518225022256028154748839] /Users/shenwang/Documents/myDoucuments/zhufeng/jiagou5/Egg/1.egg/app/schedule/updatecache.js execute succeed, used 3ms
2020-02-05 23:11:22,254 INFO 32328 [Timer] /Users/shenwang/Documents/myDoucuments/zhufeng/jiagou5/Egg/1.egg/app/schedule/updatecache.js next time will execute after 300000ms at 2020-02-05 23:16:22.254
2020-02-05 23:11:22,254 INFO 32329 [Job#158091548225422286028457421240] /Users/shenwang/Documents/myDoucuments/zhufeng/jiagou5/Egg/1.egg/app/schedule/updatecache.js executing by app
2020-02-05 23:11:22,257 INFO 32329 [Job#158091548225422286028457421240] /Users/shenwang/Documents/myDoucuments/zhufeng/jiagou5/Egg/1.egg/app/schedule/updatecache.js execute succeed, used 3ms
2020-02-05 23:16:22,257 INFO 32328 [Timer] /Users/shenwang/Documents/myDoucuments/zhufeng/jiagou5/Egg/1.egg/app/schedule/updatecache.js next time will execute after 300000ms at 2020-02-05 23:21:22.257
2020-02-05 23:16:22,257 INFO 32329 [Job#158091578225722316028739870241] /Users/shenwang/Documents/myDoucuments/zhufeng/jiagou5/Egg/1.egg/app/schedule/updatecache.js executing by app
2020-02-05 23:16:22,260 INFO 32329 [Job#158091578225722316028739870241] /Users/shenwang/Documents/myDoucuments/zhufeng/jiagou5/Egg/1.egg/app/schedule/updatecache.js execute succeed, used 3ms
2020-02-05 23:21:22,261 INFO 32328 [Timer] /Users/shenwang/Documents/myDoucuments/zhufeng/jiagou5/Egg/1.egg/app/schedule/updatecache.js next time will execute after 300000ms at 2020-02-05 23:26:22.261
2020-02-05 23:21:22,261 INFO 32329 [Job#158091608226122346029114763742] /Users/shenwang/Documents/myDoucuments/zhufeng/jiagou5/Egg/1.egg/app/schedule/updatecache.js executing by app
2020-02-05 23:21:22,264 INFO 32329 [Job#158091608226122346029114763742] /Users/shenwang/Documents/myDoucuments/zhufeng/jiagou5/Egg/1.egg/app/schedule/updatecache.js execute succeed, used 2ms
2020-02-05 23:26:22,267 INFO 32328 [Timer] /Users/shenwang/Documents/myDoucuments/zhufeng/jiagou5/Egg/1.egg/app/schedule/updatecache.js next time will execute after 300000ms at 2020-02-05 23:31:22.267
2020-02-05 23:26:22,268 INFO 32329 [Job#158091638226722376029683661643] /Users/shenwang/Documents/myDoucuments/zhufeng/jiagou5/Egg/1.egg/app/schedule/updatecache.js executing by app
2020-02-05 23:26:22,270 INFO 32329 [Job#158091638226722376029683661643] /Users/shenwang/Documents/myDoucuments/zhufeng/jiagou5/Egg/1.egg/app/schedule/updatecache.js execute succeed, used 2ms
2020-02-05 23:31:22,271 INFO 32328 [Timer] /Users/shenwang/Documents/myDoucuments/zhufeng/jiagou5/Egg/1.egg/app/schedule/updatecache.js next time will execute after 300000ms at 2020-02-05 23:36:22.271
2020-02-05 23:31:22,272 INFO 32329 [Job#158091668227122406030088304144] /Users/shenwang/Documents/myDoucuments/zhufeng/jiagou5/Egg/1.egg/app/schedule/updatecache.js executing by app
2020-02-05 23:31:22,275 INFO 32329 [Job#158091668227122406030088304144] /Users/shenwang/Documents/myDoucuments/zhufeng/jiagou5/Egg/1.egg/app/schedule/updatecache.js execute succeed, used 3ms
